SF:/home/viniciusou/Bookstore/BookstoreApp/BookstoreApp.API/Program.cs
FN:13,System.Void BookstoreApp.API.Program::Main(System.String[])
FNDA:0,System.Void BookstoreApp.API.Program::Main(System.String[])
DA:14,0
DA:15,0
DA:17,0
DA:18,0
DA:19,0
DA:22,0
DA:23,0
DA:24,0
DA:25,0
DA:26,0
DA:27,0
DA:28,0
DA:29,0
DA:30,0
DA:31,0
DA:32,0
DA:34,0
DA:35,0
FN:37,Microsoft.Extensions.Hosting.IHostBuilder BookstoreApp.API.Program::CreateHostBuilder(System.String[])
FNDA:0,Microsoft.Extensions.Hosting.IHostBuilder BookstoreApp.API.Program::CreateHostBuilder(System.String[])
DA:38,0
DA:39,0
DA:40,0
DA:41,0
DA:42,0
BRDA:38,12,0,0
BRDA:38,12,1,0
LF:23
LH:0
BRF:2
BRH:0
FNF:2
FNH:0
end_of_record
SF:/home/viniciusou/Bookstore/BookstoreApp/BookstoreApp.API/Startup.cs
FN:25,Microsoft.Extensions.Configuration.IConfiguration BookstoreApp.API.Startup::get_Configuration()
FNDA:0,Microsoft.Extensions.Configuration.IConfiguration BookstoreApp.API.Startup::get_Configuration()
DA:26,0
FN:29,System.Void BookstoreApp.API.Startup::ConfigureServices(Microsoft.Extensions.DependencyInjection.IServiceCollection)
FNDA:0,System.Void BookstoreApp.API.Startup::ConfigureServices(Microsoft.Extensions.DependencyInjection.IServiceCollection)
DA:30,0
DA:31,0
DA:32,0
DA:33,0
DA:34,0
DA:35,0
DA:36,0
DA:37,0
DA:38,0
DA:39,0
DA:40,0
DA:41,0
DA:42,0
DA:43,0
DA:44,0
DA:45,0
DA:46,0
DA:47,0
DA:48,0
DA:49,0
DA:50,0
DA:51,0
DA:52,0
DA:53,0
DA:54,0
DA:55,0
DA:56,0
DA:57,0
BRDA:35,34,0,0
BRDA:35,34,1,0
FN:60,System.Void BookstoreApp.API.Startup::Configure(Microsoft.AspNetCore.Builder.IApplicationBuilder,Microsoft.AspNetCore.Hosting.IWebHostEnvironment)
FNDA:0,System.Void BookstoreApp.API.Startup::Configure(Microsoft.AspNetCore.Builder.IApplicationBuilder,Microsoft.AspNetCore.Hosting.IWebHostEnvironment)
DA:61,0
DA:62,0
DA:63,0
DA:64,0
DA:65,0
DA:67,0
DA:68,0
DA:69,0
DA:70,0
DA:71,0
DA:72,0
DA:73,0
DA:74,0
DA:75,0
DA:76,0
DA:77,0
DA:78,0
DA:79,0
DA:80,0
DA:84,0
DA:86,0
DA:88,0
DA:90,0
DA:92,0
DA:93,0
DA:94,0
DA:95,0
DA:96,0
BRDA:62,9,0,0
BRDA:62,9,1,0
BRDA:68,30,0,0
BRDA:68,30,1,0
BRDA:86,76,0,0
BRDA:86,76,1,0
BRDA:92,128,0,0
BRDA:92,128,1,0
FN:20,System.Void BookstoreApp.API.Startup::.ctor(Microsoft.Extensions.Configuration.IConfiguration)
FNDA:0,System.Void BookstoreApp.API.Startup::.ctor(Microsoft.Extensions.Configuration.IConfiguration)
DA:21,0
DA:22,0
DA:23,0
DA:24,0
LF:61
LH:0
BRF:16
BRH:0
FNF:4
FNH:0
end_of_record
SF:/home/viniciusou/Bookstore/BookstoreApp/BookstoreApp.API/Models/Book.cs
FN:7,System.Int32 BookstoreApp.API.Models.Book::get_Id()
FNDA:116,System.Int32 BookstoreApp.API.Models.Book::get_Id()
DA:8,116
FN:8,System.String BookstoreApp.API.Models.Book::get_Title()
FNDA:45,System.String BookstoreApp.API.Models.Book::get_Title()
DA:9,45
FN:9,System.String BookstoreApp.API.Models.Book::get_Author()
FNDA:20,System.String BookstoreApp.API.Models.Book::get_Author()
DA:10,20
FN:10,System.String BookstoreApp.API.Models.Book::get_Publisher()
FNDA:20,System.String BookstoreApp.API.Models.Book::get_Publisher()
DA:11,20
FN:11,System.String BookstoreApp.API.Models.Book::get_Description()
FNDA:20,System.String BookstoreApp.API.Models.Book::get_Description()
DA:12,20
FN:12,System.DateTime BookstoreApp.API.Models.Book::get_DateReleased()
FNDA:20,System.DateTime BookstoreApp.API.Models.Book::get_DateReleased()
DA:13,20
FN:13,System.DateTime BookstoreApp.API.Models.Book::get_DateAdded()
FNDA:20,System.DateTime BookstoreApp.API.Models.Book::get_DateAdded()
DA:14,20
FN:14,System.DateTime BookstoreApp.API.Models.Book::get_DateModified()
FNDA:20,System.DateTime BookstoreApp.API.Models.Book::get_DateModified()
DA:15,20
FN:15,System.Collections.Generic.ICollection`1<BookstoreApp.API.Models.Photo> BookstoreApp.API.Models.Book::get_Photos()
FNDA:86,System.Collections.Generic.ICollection`1<BookstoreApp.API.Models.Photo> BookstoreApp.API.Models.Book::get_Photos()
DA:16,86
LF:9
LH:9
BRF:0
BRH:0
FNF:9
FNH:9
end_of_record
SF:/home/viniciusou/Bookstore/BookstoreApp/BookstoreApp.API/Models/Photo.cs
FN:6,System.Int32 BookstoreApp.API.Models.Photo::get_Id()
FNDA:75,System.Int32 BookstoreApp.API.Models.Photo::get_Id()
DA:7,75
FN:7,System.String BookstoreApp.API.Models.Photo::get_Url()
FNDA:20,System.String BookstoreApp.API.Models.Photo::get_Url()
DA:8,20
FN:8,System.String BookstoreApp.API.Models.Photo::get_Description()
FNDA:20,System.String BookstoreApp.API.Models.Photo::get_Description()
DA:9,20
FN:9,System.DateTime BookstoreApp.API.Models.Photo::get_DateAdded()
FNDA:20,System.DateTime BookstoreApp.API.Models.Photo::get_DateAdded()
DA:10,20
FN:10,System.Boolean BookstoreApp.API.Models.Photo::get_IsMain()
FNDA:71,System.Boolean BookstoreApp.API.Models.Photo::get_IsMain()
DA:11,71
FN:11,System.String BookstoreApp.API.Models.Photo::get_PublicId()
FNDA:9,System.String BookstoreApp.API.Models.Photo::get_PublicId()
DA:12,9
FN:12,BookstoreApp.API.Models.Book BookstoreApp.API.Models.Photo::get_Book()
FNDA:0,BookstoreApp.API.Models.Book BookstoreApp.API.Models.Photo::get_Book()
DA:13,0
FN:13,System.Int32 BookstoreApp.API.Models.Photo::get_BookId()
FNDA:9,System.Int32 BookstoreApp.API.Models.Photo::get_BookId()
DA:14,9
LF:8
LH:7
BRF:0
BRH:0
FNF:8
FNH:7
end_of_record
SF:/home/viniciusou/Bookstore/BookstoreApp/BookstoreApp.API/Models/User.cs
FN:6,System.Int32 BookstoreApp.API.Models.User::get_Id()
FNDA:13,System.Int32 BookstoreApp.API.Models.User::get_Id()
DA:7,13
FN:7,System.String BookstoreApp.API.Models.User::get_Username()
FNDA:24,System.String BookstoreApp.API.Models.User::get_Username()
DA:8,24
FN:8,System.Byte[] BookstoreApp.API.Models.User::get_PasswordHash()
FNDA:13,System.Byte[] BookstoreApp.API.Models.User::get_PasswordHash()
DA:9,13
FN:9,System.Byte[] BookstoreApp.API.Models.User::get_PasswordSalt()
FNDA:13,System.Byte[] BookstoreApp.API.Models.User::get_PasswordSalt()
DA:10,13
FN:10,System.DateTime BookstoreApp.API.Models.User::get_Created()
FNDA:0,System.DateTime BookstoreApp.API.Models.User::get_Created()
DA:11,0
FN:11,System.DateTime BookstoreApp.API.Models.User::get_LastActive()
FNDA:0,System.DateTime BookstoreApp.API.Models.User::get_LastActive()
DA:12,0
LF:6
LH:4
BRF:0
BRH:0
FNF:6
FNH:4
end_of_record
SF:/home/viniciusou/Bookstore/BookstoreApp/BookstoreApp.API/Migrations/20191202173104_AddedUserEntity.cs
FN:8,System.Void BookstoreApp.API.Migrations.AddedUserEntity::Up(Microsoft.EntityFrameworkCore.Migrations.MigrationBuilder)
FNDA:0,System.Void BookstoreApp.API.Migrations.AddedUserEntity::Up(Microsoft.EntityFrameworkCore.Migrations.MigrationBuilder)
DA:9,0
DA:10,0
DA:11,0
DA:12,0
DA:13,0
DA:14,0
DA:15,0
DA:16,0
DA:17,0
DA:18,0
DA:19,0
DA:20,0
DA:21,0
DA:22,0
DA:23,0
DA:24,0
BRDA:10,13,0,0
BRDA:10,13,1,0
BRDA:10,45,0,0
BRDA:10,45,1,0
FN:26,System.Void BookstoreApp.API.Migrations.AddedUserEntity::Down(Microsoft.EntityFrameworkCore.Migrations.MigrationBuilder)
FNDA:0,System.Void BookstoreApp.API.Migrations.AddedUserEntity::Down(Microsoft.EntityFrameworkCore.Migrations.MigrationBuilder)
DA:27,0
DA:28,0
DA:29,0
DA:30,0
LF:20
LH:0
BRF:4
BRH:0
FNF:2
FNH:0
end_of_record
SF:/home/viniciusou/Bookstore/BookstoreApp/BookstoreApp.API/Migrations/20191202173104_AddedUserEntity.Designer.cs
FN:15,System.Void BookstoreApp.API.Migrations.AddedUserEntity::BuildTargetModel(Microsoft.EntityFrameworkCore.ModelBuilder)
FNDA:0,System.Void BookstoreApp.API.Migrations.AddedUserEntity::BuildTargetModel(Microsoft.EntityFrameworkCore.ModelBuilder)
DA:16,0
DA:18,0
DA:19,0
DA:21,0
DA:22,0
DA:23,0
DA:24,0
DA:25,0
DA:26,0
DA:27,0
DA:28,0
DA:29,0
DA:30,0
DA:31,0
DA:32,0
DA:33,0
DA:34,0
DA:35,0
DA:36,0
DA:37,0
DA:38,0
DA:39,0
DA:41,0
BRDA:21,30,0,0
BRDA:21,30,1,0
LF:23
LH:0
BRF:2
BRH:0
FNF:1
FNH:0
end_of_record
SF:/home/viniciusou/Bookstore/BookstoreApp/BookstoreApp.API/Migrations/20191205114854_AddedBookAndPhotoEntity.cs
FN:8,System.Void BookstoreApp.API.Migrations.AddedBookAndPhotoEntity::Up(Microsoft.EntityFrameworkCore.Migrations.MigrationBuilder)
FNDA:0,System.Void BookstoreApp.API.Migrations.AddedBookAndPhotoEntity::Up(Microsoft.EntityFrameworkCore.Migrations.MigrationBuilder)
DA:9,0
DA:10,0
DA:11,0
DA:12,0
DA:13,0
DA:14,0
DA:16,0
DA:17,0
DA:18,0
DA:19,0
DA:20,0
DA:22,0
DA:23,0
DA:24,0
DA:25,0
DA:26,0
DA:27,0
DA:28,0
DA:29,0
DA:30,0
DA:31,0
DA:32,0
DA:33,0
DA:34,0
DA:35,0
DA:36,0
DA:38,0
DA:39,0
DA:40,0
DA:41,0
DA:42,0
DA:43,0
DA:44,0
DA:45,0
DA:46,0
DA:47,0
DA:48,0
DA:49,0
DA:50,0
DA:51,0
DA:52,0
DA:53,0
DA:54,0
DA:55,0
DA:56,0
DA:57,0
DA:58,0
DA:59,0
DA:61,0
DA:62,0
DA:63,0
DA:64,0
DA:65,0
BRDA:22,151,0,0
BRDA:22,151,1,0
BRDA:22,183,0,0
BRDA:22,183,1,0
BRDA:38,227,0,0
BRDA:38,227,1,0
BRDA:38,259,0,0
BRDA:38,259,1,0
FN:67,System.Void BookstoreApp.API.Migrations.AddedBookAndPhotoEntity::Down(Microsoft.EntityFrameworkCore.Migrations.MigrationBuilder)
FNDA:0,System.Void BookstoreApp.API.Migrations.AddedBookAndPhotoEntity::Down(Microsoft.EntityFrameworkCore.Migrations.MigrationBuilder)
DA:68,0
DA:69,0
DA:70,0
DA:72,0
DA:73,0
DA:75,0
DA:76,0
DA:77,0
DA:79,0
DA:80,0
DA:81,0
DA:82,0
LF:65
LH:0
BRF:8
BRH:0
FNF:2
FNH:0
end_of_record
SF:/home/viniciusou/Bookstore/BookstoreApp/BookstoreApp.API/Migrations/20191205114854_AddedBookAndPhotoEntity.Designer.cs
FN:15,System.Void BookstoreApp.API.Migrations.AddedBookAndPhotoEntity::BuildTargetModel(Microsoft.EntityFrameworkCore.ModelBuilder)
FNDA:0,System.Void BookstoreApp.API.Migrations.AddedBookAndPhotoEntity::BuildTargetModel(Microsoft.EntityFrameworkCore.ModelBuilder)
DA:16,0
DA:18,0
DA:19,0
DA:21,0
DA:22,0
DA:23,0
DA:24,0
DA:25,0
DA:26,0
DA:27,0
DA:28,0
DA:29,0
DA:30,0
DA:31,0
DA:32,0
DA:33,0
DA:34,0
DA:35,0
DA:36,0
DA:37,0
DA:38,0
DA:39,0
DA:40,0
DA:41,0
DA:42,0
DA:44,0
DA:45,0
DA:46,0
DA:47,0
DA:48,0
DA:49,0
DA:50,0
DA:51,0
DA:52,0
DA:53,0
DA:54,0
DA:55,0
DA:56,0
DA:57,0
DA:58,0
DA:59,0
DA:60,0
DA:61,0
DA:62,0
DA:63,0
DA:64,0
DA:65,0
DA:66,0
DA:67,0
DA:68,0
DA:69,0
DA:70,0
DA:72,0
DA:73,0
DA:74,0
DA:75,0
DA:76,0
DA:77,0
DA:78,0
DA:79,0
DA:80,0
DA:81,0
DA:82,0
DA:83,0
DA:84,0
DA:85,0
DA:86,0
DA:87,0
DA:88,0
DA:89,0
DA:90,0
DA:91,0
DA:92,0
DA:93,0
DA:94,0
DA:95,0
DA:96,0
DA:98,0
DA:99,0
DA:100,0
DA:101,0
DA:102,0
DA:103,0
DA:104,0
DA:105,0
DA:107,0
BRDA:21,30,0,0
BRDA:21,30,1,0
BRDA:44,73,0,0
BRDA:44,73,1,0
BRDA:72,116,0,0
BRDA:72,116,1,0
BRDA:98,159,0,0
BRDA:98,159,1,0
LF:86
LH:0
BRF:8
BRH:0
FNF:1
FNH:0
end_of_record
SF:/home/viniciusou/Bookstore/BookstoreApp/BookstoreApp.API/Migrations/20191205120802_ExtendedBookEntity.cs
FN:8,System.Void BookstoreApp.API.Migrations.ExtendedBookEntity::Up(Microsoft.EntityFrameworkCore.Migrations.MigrationBuilder)
FNDA:0,System.Void BookstoreApp.API.Migrations.ExtendedBookEntity::Up(Microsoft.EntityFrameworkCore.Migrations.MigrationBuilder)
DA:9,0
DA:10,0
DA:11,0
DA:12,0
DA:13,0
DA:14,0
DA:16,0
DA:17,0
DA:18,0
DA:19,0
DA:20,0
DA:21,0
FN:23,System.Void BookstoreApp.API.Migrations.ExtendedBookEntity::Down(Microsoft.EntityFrameworkCore.Migrations.MigrationBuilder)
FNDA:0,System.Void BookstoreApp.API.Migrations.ExtendedBookEntity::Down(Microsoft.EntityFrameworkCore.Migrations.MigrationBuilder)
DA:24,0
DA:25,0
DA:26,0
DA:27,0
DA:29,0
DA:30,0
DA:31,0
DA:32,0
LF:20
LH:0
BRF:0
BRH:0
FNF:2
FNH:0
end_of_record
SF:/home/viniciusou/Bookstore/BookstoreApp/BookstoreApp.API/Migrations/20191205120802_ExtendedBookEntity.Designer.cs
FN:15,System.Void BookstoreApp.API.Migrations.ExtendedBookEntity::BuildTargetModel(Microsoft.EntityFrameworkCore.ModelBuilder)
FNDA:0,System.Void BookstoreApp.API.Migrations.ExtendedBookEntity::BuildTargetModel(Microsoft.EntityFrameworkCore.ModelBuilder)
DA:16,0
DA:18,0
DA:19,0
DA:21,0
DA:22,0
DA:23,0
DA:24,0
DA:25,0
DA:26,0
DA:27,0
DA:28,0
DA:29,0
DA:30,0
DA:31,0
DA:32,0
DA:33,0
DA:34,0
DA:35,0
DA:36,0
DA:37,0
DA:38,0
DA:39,0
DA:40,0
DA:41,0
DA:42,0
DA:43,0
DA:44,0
DA:45,0
DA:46,0
DA:47,0
DA:48,0
DA:50,0
DA:51,0
DA:52,0
DA:53,0
DA:54,0
DA:55,0
DA:56,0
DA:57,0
DA:58,0
DA:59,0
DA:60,0
DA:61,0
DA:62,0
DA:63,0
DA:64,0
DA:65,0
DA:66,0
DA:67,0
DA:68,0
DA:69,0
DA:70,0
DA:71,0
DA:72,0
DA:73,0
DA:74,0
DA:75,0
DA:76,0
DA:78,0
DA:79,0
DA:80,0
DA:81,0
DA:82,0
DA:83,0
DA:84,0
DA:85,0
DA:86,0
DA:87,0
DA:88,0
DA:89,0
DA:90,0
DA:91,0
DA:92,0
DA:93,0
DA:94,0
DA:95,0
DA:96,0
DA:97,0
DA:98,0
DA:99,0
DA:100,0
DA:101,0
DA:102,0
DA:104,0
DA:105,0
DA:106,0
DA:107,0
DA:108,0
DA:109,0
DA:110,0
DA:111,0
DA:113,0
BRDA:21,30,0,0
BRDA:21,30,1,0
BRDA:50,73,0,0
BRDA:50,73,1,0
BRDA:78,116,0,0
BRDA:78,116,1,0
BRDA:104,159,0,0
BRDA:104,159,1,0
LF:92
LH:0
BRF:8
BRH:0
FNF:1
FNH:0
end_of_record
SF:/home/viniciusou/Bookstore/BookstoreApp/BookstoreApp.API/Migrations/20191209114621_AddedPublicId.cs
FN:7,System.Void BookstoreApp.API.Migrations.AddedPublicId::Up(Microsoft.EntityFrameworkCore.Migrations.MigrationBuilder)
FNDA:0,System.Void BookstoreApp.API.Migrations.AddedPublicId::Up(Microsoft.EntityFrameworkCore.Migrations.MigrationBuilder)
DA:8,0
DA:9,0
DA:10,0
DA:11,0
DA:12,0
DA:13,0
FN:15,System.Void BookstoreApp.API.Migrations.AddedPublicId::Down(Microsoft.EntityFrameworkCore.Migrations.MigrationBuilder)
FNDA:0,System.Void BookstoreApp.API.Migrations.AddedPublicId::Down(Microsoft.EntityFrameworkCore.Migrations.MigrationBuilder)
DA:16,0
DA:17,0
DA:18,0
DA:19,0
DA:20,0
LF:11
LH:0
BRF:0
BRH:0
FNF:2
FNH:0
end_of_record
SF:/home/viniciusou/Bookstore/BookstoreApp/BookstoreApp.API/Migrations/20191209114621_AddedPublicId.Designer.cs
FN:15,System.Void BookstoreApp.API.Migrations.AddedPublicId::BuildTargetModel(Microsoft.EntityFrameworkCore.ModelBuilder)
FNDA:0,System.Void BookstoreApp.API.Migrations.AddedPublicId::BuildTargetModel(Microsoft.EntityFrameworkCore.ModelBuilder)
DA:16,0
DA:18,0
DA:19,0
DA:21,0
DA:22,0
DA:23,0
DA:24,0
DA:25,0
DA:26,0
DA:27,0
DA:28,0
DA:29,0
DA:30,0
DA:31,0
DA:32,0
DA:33,0
DA:34,0
DA:35,0
DA:36,0
DA:37,0
DA:38,0
DA:39,0
DA:40,0
DA:41,0
DA:42,0
DA:43,0
DA:44,0
DA:45,0
DA:46,0
DA:47,0
DA:48,0
DA:50,0
DA:51,0
DA:52,0
DA:53,0
DA:54,0
DA:55,0
DA:56,0
DA:57,0
DA:58,0
DA:59,0
DA:60,0
DA:61,0
DA:62,0
DA:63,0
DA:64,0
DA:65,0
DA:66,0
DA:67,0
DA:68,0
DA:69,0
DA:70,0
DA:71,0
DA:72,0
DA:73,0
DA:74,0
DA:75,0
DA:76,0
DA:77,0
DA:78,0
DA:79,0
DA:81,0
DA:82,0
DA:83,0
DA:84,0
DA:85,0
DA:86,0
DA:87,0
DA:88,0
DA:89,0
DA:90,0
DA:91,0
DA:92,0
DA:93,0
DA:94,0
DA:95,0
DA:96,0
DA:97,0
DA:98,0
DA:99,0
DA:100,0
DA:101,0
DA:102,0
DA:103,0
DA:104,0
DA:105,0
DA:107,0
DA:108,0
DA:109,0
DA:110,0
DA:111,0
DA:112,0
DA:113,0
DA:114,0
DA:116,0
BRDA:21,30,0,0
BRDA:21,30,1,0
BRDA:50,73,0,0
BRDA:50,73,1,0
BRDA:81,116,0,0
BRDA:81,116,1,0
BRDA:107,159,0,0
BRDA:107,159,1,0
LF:95
LH:0
BRF:8
BRH:0
FNF:1
FNH:0
end_of_record
SF:/home/viniciusou/Bookstore/BookstoreApp/BookstoreApp.API/Migrations/20191213124835_AddedDateReleased.cs
FN:8,System.Void BookstoreApp.API.Migrations.AddedDateReleased::Up(Microsoft.EntityFrameworkCore.Migrations.MigrationBuilder)
FNDA:0,System.Void BookstoreApp.API.Migrations.AddedDateReleased::Up(Microsoft.EntityFrameworkCore.Migrations.MigrationBuilder)
DA:9,0
DA:10,0
DA:11,0
DA:12,0
DA:13,0
DA:14,0
DA:15,0
FN:17,System.Void BookstoreApp.API.Migrations.AddedDateReleased::Down(Microsoft.EntityFrameworkCore.Migrations.MigrationBuilder)
FNDA:0,System.Void BookstoreApp.API.Migrations.AddedDateReleased::Down(Microsoft.EntityFrameworkCore.Migrations.MigrationBuilder)
DA:18,0
DA:19,0
DA:20,0
DA:21,0
DA:22,0
LF:12
LH:0
BRF:0
BRH:0
FNF:2
FNH:0
end_of_record
SF:/home/viniciusou/Bookstore/BookstoreApp/BookstoreApp.API/Migrations/20191213124835_AddedDateReleased.Designer.cs
FN:15,System.Void BookstoreApp.API.Migrations.AddedDateReleased::BuildTargetModel(Microsoft.EntityFrameworkCore.ModelBuilder)
FNDA:0,System.Void BookstoreApp.API.Migrations.AddedDateReleased::BuildTargetModel(Microsoft.EntityFrameworkCore.ModelBuilder)
DA:16,0
DA:18,0
DA:19,0
DA:21,0
DA:22,0
DA:23,0
DA:24,0
DA:25,0
DA:26,0
DA:27,0
DA:28,0
DA:29,0
DA:30,0
DA:31,0
DA:32,0
DA:33,0
DA:34,0
DA:35,0
DA:36,0
DA:37,0
DA:38,0
DA:39,0
DA:40,0
DA:41,0
DA:42,0
DA:43,0
DA:44,0
DA:45,0
DA:46,0
DA:47,0
DA:48,0
DA:49,0
DA:50,0
DA:51,0
DA:53,0
DA:54,0
DA:55,0
DA:56,0
DA:57,0
DA:58,0
DA:59,0
DA:60,0
DA:61,0
DA:62,0
DA:63,0
DA:64,0
DA:65,0
DA:66,0
DA:67,0
DA:68,0
DA:69,0
DA:70,0
DA:71,0
DA:72,0
DA:73,0
DA:74,0
DA:75,0
DA:76,0
DA:77,0
DA:78,0
DA:79,0
DA:80,0
DA:81,0
DA:82,0
DA:84,0
DA:85,0
DA:86,0
DA:87,0
DA:88,0
DA:89,0
DA:90,0
DA:91,0
DA:92,0
DA:93,0
DA:94,0
DA:95,0
DA:96,0
DA:97,0
DA:98,0
DA:99,0
DA:100,0
DA:101,0
DA:102,0
DA:103,0
DA:104,0
DA:105,0
DA:106,0
DA:107,0
DA:108,0
DA:110,0
DA:111,0
DA:112,0
DA:113,0
DA:114,0
DA:115,0
DA:116,0
DA:117,0
DA:119,0
BRDA:21,30,0,0
BRDA:21,30,1,0
BRDA:53,73,0,0
BRDA:53,73,1,0
BRDA:84,116,0,0
BRDA:84,116,1,0
BRDA:110,159,0,0
BRDA:110,159,1,0
LF:98
LH:0
BRF:8
BRH:0
FNF:1
FNH:0
end_of_record
SF:/home/viniciusou/Bookstore/BookstoreApp/BookstoreApp.API/Migrations/DataContextModelSnapshot.cs
FN:13,System.Void BookstoreApp.API.Migrations.DataContextModelSnapshot::BuildModel(Microsoft.EntityFrameworkCore.ModelBuilder)
FNDA:0,System.Void BookstoreApp.API.Migrations.DataContextModelSnapshot::BuildModel(Microsoft.EntityFrameworkCore.ModelBuilder)
DA:14,0
DA:16,0
DA:17,0
DA:19,0
DA:20,0
DA:21,0
DA:22,0
DA:23,0
DA:24,0
DA:25,0
DA:26,0
DA:27,0
DA:28,0
DA:29,0
DA:30,0
DA:31,0
DA:32,0
DA:33,0
DA:34,0
DA:35,0
DA:36,0
DA:37,0
DA:38,0
DA:39,0
DA:40,0
DA:41,0
DA:42,0
DA:43,0
DA:44,0
DA:45,0
DA:46,0
DA:47,0
DA:48,0
DA:49,0
DA:51,0
DA:52,0
DA:53,0
DA:54,0
DA:55,0
DA:56,0
DA:57,0
DA:58,0
DA:59,0
DA:60,0
DA:61,0
DA:62,0
DA:63,0
DA:64,0
DA:65,0
DA:66,0
DA:67,0
DA:68,0
DA:69,0
DA:70,0
DA:71,0
DA:72,0
DA:73,0
DA:74,0
DA:75,0
DA:76,0
DA:77,0
DA:78,0
DA:79,0
DA:80,0
DA:82,0
DA:83,0
DA:84,0
DA:85,0
DA:86,0
DA:87,0
DA:88,0
DA:89,0
DA:90,0
DA:91,0
DA:92,0
DA:93,0
DA:94,0
DA:95,0
DA:96,0
DA:97,0
DA:98,0
DA:99,0
DA:100,0
DA:101,0
DA:102,0
DA:103,0
DA:104,0
DA:105,0
DA:106,0
DA:108,0
DA:109,0
DA:110,0
DA:111,0
DA:112,0
DA:113,0
DA:114,0
DA:115,0
DA:117,0
BRDA:19,30,0,0
BRDA:19,30,1,0
BRDA:51,73,0,0
BRDA:51,73,1,0
BRDA:82,116,0,0
BRDA:82,116,1,0
BRDA:108,159,0,0
BRDA:108,159,1,0
LF:98
LH:0
BRF:8
BRH:0
FNF:1
FNH:0
end_of_record
SF:/home/viniciusou/Bookstore/BookstoreApp/BookstoreApp.API/Helpers/AutoMapperProfiles.cs
FN:9,System.Void BookstoreApp.API.Helpers.AutoMapperProfiles::.ctor()
FNDA:0,System.Void BookstoreApp.API.Helpers.AutoMapperProfiles::.ctor()
DA:10,0
DA:11,0
DA:12,0
DA:13,0
DA:14,0
DA:16,0
DA:17,0
DA:18,0
DA:20,0
DA:22,0
DA:24,0
DA:26,0
DA:28,0
DA:29,0
BRDA:12,77,0,0
BRDA:12,77,1,0
BRDA:16,177,0,0
BRDA:16,177,1,0
LF:14
LH:0
BRF:4
BRH:0
FNF:1
FNH:0
end_of_record
SF:/home/viniciusou/Bookstore/BookstoreApp/BookstoreApp.API/Helpers/BookParams.cs
FN:5,System.Int32 BookstoreApp.API.Helpers.BookParams::get_PageNumber()
FNDA:16,System.Int32 BookstoreApp.API.Helpers.BookParams::get_PageNumber()
DA:6,16
FN:10,System.Int32 BookstoreApp.API.Helpers.BookParams::get_PageSize()
FNDA:3,System.Int32 BookstoreApp.API.Helpers.BookParams::get_PageSize()
DA:11,3
FN:11,System.Void BookstoreApp.API.Helpers.BookParams::set_PageSize(System.Int32)
FNDA:0,System.Void BookstoreApp.API.Helpers.BookParams::set_PageSize(System.Int32)
DA:12,0
BRDA:12,5,0,0
BRDA:12,5,1,0
FN:13,System.String BookstoreApp.API.Helpers.BookParams::get_OrderBy()
FNDA:1,System.String BookstoreApp.API.Helpers.BookParams::get_OrderBy()
DA:14,1
FN:7,System.Void BookstoreApp.API.Helpers.BookParams::.ctor()
FNDA:15,System.Void BookstoreApp.API.Helpers.BookParams::.ctor()
DA:8,15
LF:5
LH:4
BRF:2
BRH:0
FNF:5
FNH:4
end_of_record
SF:/home/viniciusou/Bookstore/BookstoreApp/BookstoreApp.API/Helpers/CloudinaryConfig.cs
FN:14,CloudinaryDotNet.Cloudinary BookstoreApp.API.Helpers.CloudinaryConfig::get_Cloudinary()
FNDA:0,CloudinaryDotNet.Cloudinary BookstoreApp.API.Helpers.CloudinaryConfig::get_Cloudinary()
DA:15,0
FN:16,System.Void BookstoreApp.API.Helpers.CloudinaryConfig::.ctor(Microsoft.Extensions.Options.IOptions`1<BookstoreApp.API.Helpers.CloudinarySettings>)
FNDA:0,System.Void BookstoreApp.API.Helpers.CloudinaryConfig::.ctor(Microsoft.Extensions.Options.IOptions`1<BookstoreApp.API.Helpers.CloudinarySettings>)
DA:17,0
DA:18,0
DA:19,0
DA:20,0
DA:21,0
DA:22,0
DA:23,0
DA:25,0
DA:26,0
LF:10
LH:0
BRF:0
BRH:0
FNF:2
FNH:0
end_of_record
SF:/home/viniciusou/Bookstore/BookstoreApp/BookstoreApp.API/Helpers/CloudinarySettings.cs
FN:4,System.String BookstoreApp.API.Helpers.CloudinarySettings::get_CloudName()
FNDA:0,System.String BookstoreApp.API.Helpers.CloudinarySettings::get_CloudName()
DA:5,0
FN:5,System.String BookstoreApp.API.Helpers.CloudinarySettings::get_ApiKey()
FNDA:0,System.String BookstoreApp.API.Helpers.CloudinarySettings::get_ApiKey()
DA:6,0
FN:6,System.String BookstoreApp.API.Helpers.CloudinarySettings::get_ApiSecret()
FNDA:0,System.String BookstoreApp.API.Helpers.CloudinarySettings::get_ApiSecret()
DA:7,0
LF:3
LH:0
BRF:0
BRH:0
FNF:3
FNH:0
end_of_record
SF:/home/viniciusou/Bookstore/BookstoreApp/BookstoreApp.API/Helpers/Extensions.cs
FN:9,System.Void BookstoreApp.API.Helpers.Extensions::AddApplicationError(Microsoft.AspNetCore.Http.HttpResponse,System.String)
FNDA:0,System.Void BookstoreApp.API.Helpers.Extensions::AddApplicationError(Microsoft.AspNetCore.Http.HttpResponse,System.String)
DA:10,0
DA:11,0
DA:12,0
DA:13,0
DA:14,0
FN:17,System.Void BookstoreApp.API.Helpers.Extensions::AddPagination(Microsoft.AspNetCore.Http.HttpResponse,System.Int32,System.Int32,System.Int32,System.Int32)
FNDA:0,System.Void BookstoreApp.API.Helpers.Extensions::AddPagination(Microsoft.AspNetCore.Http.HttpResponse,System.Int32,System.Int32,System.Int32,System.Int32)
DA:18,0
DA:19,0
DA:20,0
DA:21,0
DA:22,0
DA:23,0
DA:24,0
LF:12
LH:0
BRF:0
BRH:0
FNF:2
FNH:0
end_of_record
SF:/home/viniciusou/Bookstore/BookstoreApp/BookstoreApp.API/Helpers/PagedList.cs
FN:10,System.Int32 BookstoreApp.API.Helpers.PagedList`1::get_CurrentPage()
FNDA:1,System.Int32 BookstoreApp.API.Helpers.PagedList`1::get_CurrentPage()
DA:11,1
FN:11,System.Int32 BookstoreApp.API.Helpers.PagedList`1::get_TotalPages()
FNDA:1,System.Int32 BookstoreApp.API.Helpers.PagedList`1::get_TotalPages()
DA:12,1
FN:12,System.Int32 BookstoreApp.API.Helpers.PagedList`1::get_PageSize()
FNDA:1,System.Int32 BookstoreApp.API.Helpers.PagedList`1::get_PageSize()
DA:13,1
FN:13,System.Int32 BookstoreApp.API.Helpers.PagedList`1::get_TotalCount()
FNDA:1,System.Int32 BookstoreApp.API.Helpers.PagedList`1::get_TotalCount()
DA:14,1
FN:15,System.Void BookstoreApp.API.Helpers.PagedList`1::.ctor(System.Collections.Generic.List`1<T>,System.Int32,System.Int32,System.Int32)
FNDA:1,System.Void BookstoreApp.API.Helpers.PagedList`1::.ctor(System.Collections.Generic.List`1<T>,System.Int32,System.Int32,System.Int32)
DA:16,1
DA:17,1
DA:18,1
DA:19,1
DA:20,1
DA:21,1
DA:22,1
DA:23,1
FN:26,System.Void BookstoreApp.API.Helpers.PagedList`1/<CreateAsync>d__17::MoveNext()
FNDA:1,System.Void BookstoreApp.API.Helpers.PagedList`1/<CreateAsync>d__17::MoveNext()
DA:27,1
DA:28,1
DA:29,1
DA:30,1
DA:31,1
BRDA:27,14,0,1
BRDA:28,59,1,1
BRDA:29,219,1,1
LF:17
LH:17
BRF:3
BRH:3
FNF:6
FNH:6
end_of_record
SF:/home/viniciusou/Bookstore/BookstoreApp/BookstoreApp.API/Helpers/PaginationHeader.cs
FN:4,System.Int32 BookstoreApp.API.Helpers.PaginationHeader::get_CurrentPage()
FNDA:0,System.Int32 BookstoreApp.API.Helpers.PaginationHeader::get_CurrentPage()
DA:5,0
FN:5,System.Int32 BookstoreApp.API.Helpers.PaginationHeader::get_ItemsPerPage()
FNDA:0,System.Int32 BookstoreApp.API.Helpers.PaginationHeader::get_ItemsPerPage()
DA:6,0
FN:6,System.Int32 BookstoreApp.API.Helpers.PaginationHeader::get_TotalItems()
FNDA:0,System.Int32 BookstoreApp.API.Helpers.PaginationHeader::get_TotalItems()
DA:7,0
FN:7,System.Int32 BookstoreApp.API.Helpers.PaginationHeader::get_TotalPages()
FNDA:0,System.Int32 BookstoreApp.API.Helpers.PaginationHeader::get_TotalPages()
DA:8,0
FN:9,System.Void BookstoreApp.API.Helpers.PaginationHeader::.ctor(System.Int32,System.Int32,System.Int32,System.Int32)
FNDA:0,System.Void BookstoreApp.API.Helpers.PaginationHeader::.ctor(System.Int32,System.Int32,System.Int32,System.Int32)
DA:10,0
DA:11,0
DA:12,0
DA:13,0
DA:14,0
DA:15,0
DA:16,0
LF:11
LH:0
BRF:0
BRH:0
FNF:5
FNH:0
end_of_record
SF:/home/viniciusou/Bookstore/BookstoreApp/BookstoreApp.API/Dtos/BookForCreationDto.cs
FN:8,System.String BookstoreApp.API.Dtos.BookForCreationDto::get_Title()
FNDA:0,System.String BookstoreApp.API.Dtos.BookForCreationDto::get_Title()
DA:9,0
FN:10,System.String BookstoreApp.API.Dtos.BookForCreationDto::get_Author()
FNDA:0,System.String BookstoreApp.API.Dtos.BookForCreationDto::get_Author()
DA:11,0
FN:12,System.String BookstoreApp.API.Dtos.BookForCreationDto::get_Publisher()
FNDA:0,System.String BookstoreApp.API.Dtos.BookForCreationDto::get_Publisher()
DA:13,0
FN:14,System.String BookstoreApp.API.Dtos.BookForCreationDto::get_Description()
FNDA:0,System.String BookstoreApp.API.Dtos.BookForCreationDto::get_Description()
DA:15,0
FN:16,System.DateTime BookstoreApp.API.Dtos.BookForCreationDto::get_DateReleased()
FNDA:0,System.DateTime BookstoreApp.API.Dtos.BookForCreationDto::get_DateReleased()
DA:17,0
FN:17,System.DateTime BookstoreApp.API.Dtos.BookForCreationDto::get_DateAdded()
FNDA:0,System.DateTime BookstoreApp.API.Dtos.BookForCreationDto::get_DateAdded()
DA:18,0
FN:18,System.DateTime BookstoreApp.API.Dtos.BookForCreationDto::get_DateModified()
FNDA:0,System.DateTime BookstoreApp.API.Dtos.BookForCreationDto::get_DateModified()
DA:19,0
FN:20,System.Void BookstoreApp.API.Dtos.BookForCreationDto::.ctor()
FNDA:0,System.Void BookstoreApp.API.Dtos.BookForCreationDto::.ctor()
DA:21,0
DA:22,0
DA:23,0
DA:24,0
DA:25,0
LF:12
LH:0
BRF:0
BRH:0
FNF:8
FNH:0
end_of_record
SF:/home/viniciusou/Bookstore/BookstoreApp/BookstoreApp.API/Dtos/BookForDetailedDto.cs
FN:7,System.Int32 BookstoreApp.API.Dtos.BookForDetailedDto::get_Id()
FNDA:0,System.Int32 BookstoreApp.API.Dtos.BookForDetailedDto::get_Id()
DA:8,0
FN:8,System.String BookstoreApp.API.Dtos.BookForDetailedDto::get_Title()
FNDA:0,System.String BookstoreApp.API.Dtos.BookForDetailedDto::get_Title()
DA:9,0
FN:9,System.String BookstoreApp.API.Dtos.BookForDetailedDto::get_Author()
FNDA:0,System.String BookstoreApp.API.Dtos.BookForDetailedDto::get_Author()
DA:10,0
FN:10,System.String BookstoreApp.API.Dtos.BookForDetailedDto::get_Publisher()
FNDA:0,System.String BookstoreApp.API.Dtos.BookForDetailedDto::get_Publisher()
DA:11,0
FN:11,System.String BookstoreApp.API.Dtos.BookForDetailedDto::get_Description()
FNDA:0,System.String BookstoreApp.API.Dtos.BookForDetailedDto::get_Description()
DA:12,0
FN:12,System.DateTime BookstoreApp.API.Dtos.BookForDetailedDto::get_DateReleased()
FNDA:0,System.DateTime BookstoreApp.API.Dtos.BookForDetailedDto::get_DateReleased()
DA:13,0
FN:13,System.DateTime BookstoreApp.API.Dtos.BookForDetailedDto::get_DateAdded()
FNDA:0,System.DateTime BookstoreApp.API.Dtos.BookForDetailedDto::get_DateAdded()
DA:14,0
FN:14,System.DateTime BookstoreApp.API.Dtos.BookForDetailedDto::get_DateModified()
FNDA:0,System.DateTime BookstoreApp.API.Dtos.BookForDetailedDto::get_DateModified()
DA:15,0
FN:15,System.String BookstoreApp.API.Dtos.BookForDetailedDto::get_PhotoUrl()
FNDA:0,System.String BookstoreApp.API.Dtos.BookForDetailedDto::get_PhotoUrl()
DA:16,0
FN:16,System.Collections.Generic.ICollection`1<BookstoreApp.API.Dtos.PhotoForDetailedDto> BookstoreApp.API.Dtos.BookForDetailedDto::get_Photos()
FNDA:0,System.Collections.Generic.ICollection`1<BookstoreApp.API.Dtos.PhotoForDetailedDto> BookstoreApp.API.Dtos.BookForDetailedDto::get_Photos()
DA:17,0
LF:10
LH:0
BRF:0
BRH:0
FNF:10
FNH:0
end_of_record
SF:/home/viniciusou/Bookstore/BookstoreApp/BookstoreApp.API/Dtos/BookForListDto.cs
FN:6,System.Int32 BookstoreApp.API.Dtos.BookForListDto::get_Id()
FNDA:0,System.Int32 BookstoreApp.API.Dtos.BookForListDto::get_Id()
DA:7,0
FN:7,System.String BookstoreApp.API.Dtos.BookForListDto::get_Title()
FNDA:0,System.String BookstoreApp.API.Dtos.BookForListDto::get_Title()
DA:8,0
FN:8,System.DateTime BookstoreApp.API.Dtos.BookForListDto::get_DateReleased()
FNDA:0,System.DateTime BookstoreApp.API.Dtos.BookForListDto::get_DateReleased()
DA:9,0
FN:9,System.DateTime BookstoreApp.API.Dtos.BookForListDto::get_DateAdded()
FNDA:0,System.DateTime BookstoreApp.API.Dtos.BookForListDto::get_DateAdded()
DA:10,0
FN:10,System.DateTime BookstoreApp.API.Dtos.BookForListDto::get_DateModified()
FNDA:0,System.DateTime BookstoreApp.API.Dtos.BookForListDto::get_DateModified()
DA:11,0
FN:11,System.String BookstoreApp.API.Dtos.BookForListDto::get_PhotoUrl()
FNDA:0,System.String BookstoreApp.API.Dtos.BookForListDto::get_PhotoUrl()
DA:12,0
LF:6
LH:0
BRF:0
BRH:0
FNF:6
FNH:0
end_of_record
SF:/home/viniciusou/Bookstore/BookstoreApp/BookstoreApp.API/Dtos/BookForUpdateDto.cs
FN:4,System.String BookstoreApp.API.Dtos.BookForUpdateDto::get_Publisher()
FNDA:0,System.String BookstoreApp.API.Dtos.BookForUpdateDto::get_Publisher()
DA:5,0
FN:6,System.String BookstoreApp.API.Dtos.BookForUpdateDto::get_Description()
FNDA:0,System.String BookstoreApp.API.Dtos.BookForUpdateDto::get_Description()
DA:7,0
LF:2
LH:0
BRF:0
BRH:0
FNF:2
FNH:0
end_of_record
SF:/home/viniciusou/Bookstore/BookstoreApp/BookstoreApp.API/Dtos/PhotoForCreationDto.cs
FN:7,System.String BookstoreApp.API.Dtos.PhotoForCreationDto::get_Url()
FNDA:3,System.String BookstoreApp.API.Dtos.PhotoForCreationDto::get_Url()
DA:8,3
FN:8,Microsoft.AspNetCore.Http.IFormFile BookstoreApp.API.Dtos.PhotoForCreationDto::get_File()
FNDA:6,Microsoft.AspNetCore.Http.IFormFile BookstoreApp.API.Dtos.PhotoForCreationDto::get_File()
DA:9,6
FN:9,System.String BookstoreApp.API.Dtos.PhotoForCreationDto::get_Description()
FNDA:3,System.String BookstoreApp.API.Dtos.PhotoForCreationDto::get_Description()
DA:10,3
FN:10,System.DateTime BookstoreApp.API.Dtos.PhotoForCreationDto::get_DateAdded()
FNDA:3,System.DateTime BookstoreApp.API.Dtos.PhotoForCreationDto::get_DateAdded()
DA:11,3
FN:11,System.String BookstoreApp.API.Dtos.PhotoForCreationDto::get_PublicId()
FNDA:3,System.String BookstoreApp.API.Dtos.PhotoForCreationDto::get_PublicId()
DA:12,3
FN:13,System.Void BookstoreApp.API.Dtos.PhotoForCreationDto::.ctor()
FNDA:3,System.Void BookstoreApp.API.Dtos.PhotoForCreationDto::.ctor()
DA:14,3
DA:15,3
DA:16,3
DA:17,3
LF:9
LH:9
BRF:0
BRH:0
FNF:6
FNH:6
end_of_record
SF:/home/viniciusou/Bookstore/BookstoreApp/BookstoreApp.API/Dtos/PhotoForDetailedDto.cs
FN:6,System.Int32 BookstoreApp.API.Dtos.PhotoForDetailedDto::get_Id()
FNDA:0,System.Int32 BookstoreApp.API.Dtos.PhotoForDetailedDto::get_Id()
DA:7,0
FN:7,System.String BookstoreApp.API.Dtos.PhotoForDetailedDto::get_Url()
FNDA:0,System.String BookstoreApp.API.Dtos.PhotoForDetailedDto::get_Url()
DA:8,0
FN:8,System.String BookstoreApp.API.Dtos.PhotoForDetailedDto::get_Description()
FNDA:0,System.String BookstoreApp.API.Dtos.PhotoForDetailedDto::get_Description()
DA:9,0
FN:9,System.DateTime BookstoreApp.API.Dtos.PhotoForDetailedDto::get_DateAdded()
FNDA:0,System.DateTime BookstoreApp.API.Dtos.PhotoForDetailedDto::get_DateAdded()
DA:10,0
FN:10,System.Boolean BookstoreApp.API.Dtos.PhotoForDetailedDto::get_IsMain()
FNDA:0,System.Boolean BookstoreApp.API.Dtos.PhotoForDetailedDto::get_IsMain()
DA:11,0
LF:5
LH:0
BRF:0
BRH:0
FNF:5
FNH:0
end_of_record
SF:/home/viniciusou/Bookstore/BookstoreApp/BookstoreApp.API/Dtos/PhotoForReturnDto.cs
FN:6,System.Int32 BookstoreApp.API.Dtos.PhotoForReturnDto::get_Id()
FNDA:0,System.Int32 BookstoreApp.API.Dtos.PhotoForReturnDto::get_Id()
DA:7,0
FN:7,System.String BookstoreApp.API.Dtos.PhotoForReturnDto::get_Url()
FNDA:0,System.String BookstoreApp.API.Dtos.PhotoForReturnDto::get_Url()
DA:8,0
FN:8,System.String BookstoreApp.API.Dtos.PhotoForReturnDto::get_Description()
FNDA:0,System.String BookstoreApp.API.Dtos.PhotoForReturnDto::get_Description()
DA:9,0
FN:9,System.DateTime BookstoreApp.API.Dtos.PhotoForReturnDto::get_DateAdded()
FNDA:0,System.DateTime BookstoreApp.API.Dtos.PhotoForReturnDto::get_DateAdded()
DA:10,0
FN:10,System.Boolean BookstoreApp.API.Dtos.PhotoForReturnDto::get_IsMain()
FNDA:0,System.Boolean BookstoreApp.API.Dtos.PhotoForReturnDto::get_IsMain()
DA:11,0
FN:11,System.String BookstoreApp.API.Dtos.PhotoForReturnDto::get_PublicId()
FNDA:0,System.String BookstoreApp.API.Dtos.PhotoForReturnDto::get_PublicId()
DA:12,0
LF:6
LH:0
BRF:0
BRH:0
FNF:6
FNH:0
end_of_record
SF:/home/viniciusou/Bookstore/BookstoreApp/BookstoreApp.API/Dtos/UserForLoginDto.cs
FN:4,System.String BookstoreApp.API.Dtos.UserForLoginDto::get_Username()
FNDA:8,System.String BookstoreApp.API.Dtos.UserForLoginDto::get_Username()
DA:5,8
FN:5,System.String BookstoreApp.API.Dtos.UserForLoginDto::get_Password()
FNDA:8,System.String BookstoreApp.API.Dtos.UserForLoginDto::get_Password()
DA:6,8
LF:2
LH:2
BRF:0
BRH:0
FNF:2
FNH:2
end_of_record
SF:/home/viniciusou/Bookstore/BookstoreApp/BookstoreApp.API/Dtos/UserForRegisterDto.cs
FN:7,System.String BookstoreApp.API.Dtos.UserForRegisterDto::get_Username()
FNDA:15,System.String BookstoreApp.API.Dtos.UserForRegisterDto::get_Username()
DA:8,15
FN:11,System.String BookstoreApp.API.Dtos.UserForRegisterDto::get_Password()
FNDA:4,System.String BookstoreApp.API.Dtos.UserForRegisterDto::get_Password()
DA:12,4
LF:2
LH:2
BRF:0
BRH:0
FNF:2
FNH:2
end_of_record
SF:/home/viniciusou/Bookstore/BookstoreApp/BookstoreApp.API/Data/AuthRepository.cs
FN:53,System.Void BookstoreApp.API.Data.AuthRepository::CreatePasswordHash(System.String,System.Byte[]&,System.Byte[]&)
FNDA:3,System.Void BookstoreApp.API.Data.AuthRepository::CreatePasswordHash(System.String,System.Byte[]&,System.Byte[]&)
DA:54,3
DA:55,3
DA:56,3
DA:57,3
DA:58,3
DA:59,6
DA:60,3
FN:62,System.Boolean BookstoreApp.API.Data.AuthRepository::VerifyPasswordHash(System.String,System.Byte[],System.Byte[])
FNDA:2,System.Boolean BookstoreApp.API.Data.AuthRepository::VerifyPasswordHash(System.String,System.Byte[],System.Byte[])
DA:63,2
DA:64,2
DA:65,2
DA:66,2
DA:68,132
DA:69,65
DA:70,65
DA:71,1
DA:72,64
DA:73,2
DA:75,1
DA:76,2
BRDA:68,67,1,65
BRDA:70,45,0,1
BRDA:70,45,1,64
BRDA:68,67,0,1
FN:11,System.Void BookstoreApp.API.Data.AuthRepository::.ctor(BookstoreApp.API.Data.IDataContext)
FNDA:8,System.Void BookstoreApp.API.Data.AuthRepository::.ctor(BookstoreApp.API.Data.IDataContext)
DA:12,8
DA:13,8
DA:14,8
DA:16,8
FN:17,System.Void BookstoreApp.API.Data.AuthRepository/<Login>d__2::MoveNext()
FNDA:3,System.Void BookstoreApp.API.Data.AuthRepository/<Login>d__2::MoveNext()
DA:18,3
DA:19,3
DA:21,3
DA:22,1
DA:24,2
DA:25,1
DA:27,1
DA:28,3
BRDA:19,188,1,3
BRDA:21,303,0,1
BRDA:21,303,1,2
BRDA:24,355,0,1
BRDA:24,355,1,1
FN:30,System.Void BookstoreApp.API.Data.AuthRepository/<Register>d__3::MoveNext()
FNDA:3,System.Void BookstoreApp.API.Data.AuthRepository/<Register>d__3::MoveNext()
DA:31,3
DA:34,3
DA:36,3
DA:37,3
DA:39,3
DA:40,3
DA:42,3
DA:43,3
BRDA:31,14,0,3
BRDA:39,148,1,3
BRDA:40,256,1,3
FN:45,System.Void BookstoreApp.API.Data.AuthRepository/<UserExists>d__4::MoveNext()
FNDA:2,System.Void BookstoreApp.API.Data.AuthRepository/<UserExists>d__4::MoveNext()
DA:46,2
DA:47,2
DA:48,1
DA:50,1
DA:51,2
BRDA:47,191,1,2
BRDA:47,279,0,1
BRDA:47,279,1,1
LF:44
LH:44
BRF:15
BRH:15
FNF:6
FNH:6
end_of_record
SF:/home/viniciusou/Bookstore/BookstoreApp/BookstoreApp.API/Data/BookstoreRepository.cs
FN:17,System.Void BookstoreApp.API.Data.BookstoreRepository::Add(T)
FNDA:1,System.Void BookstoreApp.API.Data.BookstoreRepository::Add(T)
DA:18,1
DA:19,1
DA:20,1
FN:22,System.Void BookstoreApp.API.Data.BookstoreRepository::Delete(T)
FNDA:1,System.Void BookstoreApp.API.Data.BookstoreRepository::Delete(T)
DA:23,1
DA:24,1
DA:25,1
FN:12,System.Void BookstoreApp.API.Data.BookstoreRepository::.ctor(BookstoreApp.API.Data.IDataContext)
FNDA:8,System.Void BookstoreApp.API.Data.BookstoreRepository::.ctor(BookstoreApp.API.Data.IDataContext)
DA:13,8
DA:14,8
DA:15,8
DA:16,8
FN:27,System.Void BookstoreApp.API.Data.BookstoreRepository/<GetBook>d__4::MoveNext()
FNDA:1,System.Void BookstoreApp.API.Data.BookstoreRepository/<GetBook>d__4::MoveNext()
DA:28,1
DA:29,1
DA:31,1
DA:32,1
BRDA:29,188,1,1
FN:34,System.Void BookstoreApp.API.Data.BookstoreRepository/<GetBooks>d__5::MoveNext()
FNDA:1,System.Void BookstoreApp.API.Data.BookstoreRepository/<GetBooks>d__5::MoveNext()
DA:35,1
DA:36,1
DA:38,1
DA:39,0
DA:40,0
DA:43,0
DA:44,0
DA:46,0
DA:47,0
DA:49,0
DA:50,0
DA:52,0
DA:53,0
DA:55,0
DA:57,1
DA:58,1
BRDA:38,123,1,1
BRDA:57,584,1,1
FN:60,System.Void BookstoreApp.API.Data.BookstoreRepository/<GetPhoto>d__6::MoveNext()
FNDA:1,System.Void BookstoreApp.API.Data.BookstoreRepository/<GetPhoto>d__6::MoveNext()
DA:61,1
DA:62,1
DA:64,1
DA:65,1
BRDA:62,188,1,1
FN:67,System.Void BookstoreApp.API.Data.BookstoreRepository/<GetMainPhotoForBook>d__7::MoveNext()
FNDA:1,System.Void BookstoreApp.API.Data.BookstoreRepository/<GetMainPhotoForBook>d__7::MoveNext()
DA:68,1
DA:69,1
DA:70,1
BRDA:69,250,1,1
FN:72,System.Void BookstoreApp.API.Data.BookstoreRepository/<SaveAll>d__8::MoveNext()
FNDA:2,System.Void BookstoreApp.API.Data.BookstoreRepository/<SaveAll>d__8::MoveNext()
DA:73,2
DA:74,2
DA:75,2
BRDA:74,44,1,2
LF:40
LH:29
BRF:6
BRH:6
FNF:8
FNH:8
end_of_record
SF:/home/viniciusou/Bookstore/BookstoreApp/BookstoreApp.API/Data/DataContext.cs
FN:23,Microsoft.EntityFrameworkCore.DbSet`1<BookstoreApp.API.Models.User> BookstoreApp.API.Data.DataContext::get_Users()
FNDA:0,Microsoft.EntityFrameworkCore.DbSet`1<BookstoreApp.API.Models.User> BookstoreApp.API.Data.DataContext::get_Users()
DA:24,0
FN:25,Microsoft.EntityFrameworkCore.DbSet`1<BookstoreApp.API.Models.Book> BookstoreApp.API.Data.DataContext::get_Books()
FNDA:0,Microsoft.EntityFrameworkCore.DbSet`1<BookstoreApp.API.Models.Book> BookstoreApp.API.Data.DataContext::get_Books()
DA:26,0
FN:27,Microsoft.EntityFrameworkCore.DbSet`1<BookstoreApp.API.Models.Photo> BookstoreApp.API.Data.DataContext::get_Photos()
FNDA:0,Microsoft.EntityFrameworkCore.DbSet`1<BookstoreApp.API.Models.Photo> BookstoreApp.API.Data.DataContext::get_Photos()
DA:28,0
FN:30,System.Void BookstoreApp.API.Data.DataContext::Add(T)
FNDA:0,System.Void BookstoreApp.API.Data.DataContext::Add(T)
DA:31,0
DA:32,0
DA:33,0
FN:35,System.Void BookstoreApp.API.Data.DataContext::Remove(T)
FNDA:0,System.Void BookstoreApp.API.Data.DataContext::Remove(T)
DA:36,0
DA:37,0
DA:38,0
FN:40,System.Void BookstoreApp.API.Data.DataContext::SaveChanges()
FNDA:0,System.Void BookstoreApp.API.Data.DataContext::SaveChanges()
DA:41,0
DA:42,0
DA:43,0
FN:45,System.Threading.Tasks.Task`1<System.Int32> BookstoreApp.API.Data.DataContext::SaveChangesAsync()
FNDA:0,System.Threading.Tasks.Task`1<System.Int32> BookstoreApp.API.Data.DataContext::SaveChangesAsync()
DA:46,0
DA:47,0
DA:48,0
FN:21,System.Void BookstoreApp.API.Data.DataContext::.ctor(Microsoft.EntityFrameworkCore.DbContextOptions`1<BookstoreApp.API.Data.DataContext>)
FNDA:0,System.Void BookstoreApp.API.Data.DataContext::.ctor(Microsoft.EntityFrameworkCore.DbContextOptions`1<BookstoreApp.API.Data.DataContext>)
DA:22,0
LF:16
LH:0
BRF:0
BRH:0
FNF:8
FNH:0
end_of_record
SF:/home/viniciusou/Bookstore/BookstoreApp/BookstoreApp.API/Data/Seed.cs
FN:11,System.Void BookstoreApp.API.Data.Seed::SeedBooks(BookstoreApp.API.Data.IDataContext)
FNDA:3,System.Void BookstoreApp.API.Data.Seed::SeedBooks(BookstoreApp.API.Data.IDataContext)
DA:12,3
DA:13,3
DA:14,2
DA:15,2
DA:16,2
DA:18,46
DA:19,20
DA:20,20
DA:21,20
DA:23,2
DA:24,2
DA:25,3
BRDA:13,17,0,2
BRDA:18,80,1,20
BRDA:18,80,0,2
BRDA:13,17,1,3
LF:12
LH:12
BRF:4
BRH:4
FNF:1
FNH:1
end_of_record
SF:/home/viniciusou/Bookstore/BookstoreApp/BookstoreApp.API/Controllers/AuthController.cs
FN:21,System.Void BookstoreApp.API.Controllers.AuthController::.ctor(BookstoreApp.API.Data.IAuthRepository,Microsoft.Extensions.Configuration.IConfiguration)
FNDA:6,System.Void BookstoreApp.API.Controllers.AuthController::.ctor(BookstoreApp.API.Data.IAuthRepository,Microsoft.Extensions.Configuration.IConfiguration)
DA:22,6
DA:23,6
DA:24,6
DA:25,6
DA:26,6
FN:29,System.Void BookstoreApp.API.Controllers.AuthController/<Register>d__3::MoveNext()
FNDA:3,System.Void BookstoreApp.API.Controllers.AuthController/<Register>d__3::MoveNext()
DA:30,3
DA:31,3
DA:33,3
DA:34,1
DA:36,2
DA:37,2
DA:38,2
DA:39,2
DA:41,2
DA:43,2
DA:44,3
BRDA:30,14,0,3
BRDA:33,94,1,3
BRDA:33,185,0,1
BRDA:33,185,1,2
BRDA:41,285,1,2
FN:47,System.Void BookstoreApp.API.Controllers.AuthController/<Login>d__4::MoveNext()
FNDA:3,System.Void BookstoreApp.API.Controllers.AuthController/<Login>d__4::MoveNext()
DA:48,3
DA:49,3
DA:51,3
DA:52,2
DA:54,1
DA:55,1
DA:56,1
DA:57,1
DA:58,1
DA:60,1
DA:61,1
DA:63,1
DA:65,1
DA:66,1
DA:67,1
DA:68,1
DA:69,1
DA:70,1
DA:72,1
DA:74,1
DA:76,1
DA:77,1
DA:78,1
DA:79,3
BRDA:49,71,1,3
BRDA:51,185,0,2
BRDA:51,185,1,1
LF:40
LH:40
BRF:8
BRH:8
FNF:3
FNH:3
end_of_record
SF:/home/viniciusou/Bookstore/BookstoreApp/BookstoreApp.API/Controllers/BooksController.cs
FN:22,System.Void BookstoreApp.API.Controllers.BooksController::.ctor(BookstoreApp.API.Data.IBookstoreRepository,AutoMapper.IMapper,BookstoreApp.API.Helpers.ICloudinaryConfig)
FNDA:14,System.Void BookstoreApp.API.Controllers.BooksController::.ctor(BookstoreApp.API.Data.IBookstoreRepository,AutoMapper.IMapper,BookstoreApp.API.Helpers.ICloudinaryConfig)
DA:23,14
DA:24,14
DA:25,14
DA:26,14
DA:27,14
DA:28,14
FN:31,System.Void BookstoreApp.API.Controllers.BooksController/<AddBook>d__4::MoveNext()
FNDA:3,System.Void BookstoreApp.API.Controllers.BooksController/<AddBook>d__4::MoveNext()
DA:32,3
DA:33,3
DA:35,3
DA:37,3
DA:38,1
DA:40,2
DA:41,3
BRDA:37,95,1,3
BRDA:37,186,0,1
BRDA:37,186,1,2
FN:44,System.Void BookstoreApp.API.Controllers.BooksController/<DeleteBook>d__5::MoveNext()
FNDA:4,System.Void BookstoreApp.API.Controllers.BooksController/<DeleteBook>d__5::MoveNext()
DA:45,4
DA:46,4
DA:48,4
DA:49,1
DA:51,15
DA:52,3
DA:53,3
DA:54,0
DA:55,0
DA:56,0
DA:57,0
DA:58,3
DA:60,3
DA:62,3
DA:63,1
DA:65,2
DA:66,4
BRDA:45,14,0,4
BRDA:46,61,1,4
BRDA:48,175,0,1
BRDA:48,175,1,3
BRDA:51,335,1,3
BRDA:53,255,1,3
BRDA:51,335,0,3
BRDA:62,424,1,3
BRDA:62,518,0,1
BRDA:62,518,1,2
FN:69,System.Void BookstoreApp.API.Controllers.BooksController/<GetBooks>d__6::MoveNext()
FNDA:2,System.Void BookstoreApp.API.Controllers.BooksController/<GetBooks>d__6::MoveNext()
DA:70,2
DA:71,2
DA:73,2
DA:75,2
DA:76,0
DA:77,0
DA:78,0
DA:79,0
DA:81,2
DA:82,2
BRDA:71,50,1,2
BRDA:75,192,1,2
FN:85,System.Void BookstoreApp.API.Controllers.BooksController/<GetBook>d__7::MoveNext()
FNDA:2,System.Void BookstoreApp.API.Controllers.BooksController/<GetBook>d__7::MoveNext()
DA:86,2
DA:87,2
DA:89,2
DA:91,2
DA:92,2
BRDA:87,50,1,2
FN:95,System.Void BookstoreApp.API.Controllers.BooksController/<UpdateBook>d__8::MoveNext()
FNDA:3,System.Void BookstoreApp.API.Controllers.BooksController/<UpdateBook>d__8::MoveNext()
DA:96,3
DA:97,3
DA:99,3
DA:101,3
DA:102,2
DA:104,1
DA:105,2
BRDA:96,14,0,3
BRDA:97,61,1,3
BRDA:101,221,1,3
BRDA:101,315,0,2
BRDA:101,315,1,1
LF:52
LH:44
BRF:21
BRH:21
FNF:6
FNH:6
end_of_record
SF:/home/viniciusou/Bookstore/BookstoreApp/BookstoreApp.API/Controllers/PhotosController.cs
FN:24,System.Void BookstoreApp.API.Controllers.PhotosController::.ctor(BookstoreApp.API.Data.IBookstoreRepository,AutoMapper.IMapper,BookstoreApp.API.Helpers.ICloudinaryConfig)
FNDA:14,System.Void BookstoreApp.API.Controllers.PhotosController::.ctor(BookstoreApp.API.Data.IBookstoreRepository,AutoMapper.IMapper,BookstoreApp.API.Helpers.ICloudinaryConfig)
DA:25,14
DA:26,14
DA:27,14
DA:28,14
DA:29,14
DA:30,14
FN:33,System.Void BookstoreApp.API.Controllers.PhotosController/<GetPhoto>d__4::MoveNext()
FNDA:2,System.Void BookstoreApp.API.Controllers.PhotosController/<GetPhoto>d__4::MoveNext()
DA:34,2
DA:35,2
DA:37,2
DA:39,2
DA:40,2
BRDA:35,50,1,2
FN:71,System.Boolean BookstoreApp.API.Controllers.PhotosController/<>c::<AddPhotoForBook>b__5_0(BookstoreApp.API.Models.Photo)
FNDA:6,System.Boolean BookstoreApp.API.Controllers.PhotosController/<>c::<AddPhotoForBook>b__5_0(BookstoreApp.API.Models.Photo)
DA:72,6
FN:44,System.Void BookstoreApp.API.Controllers.PhotosController/<AddPhotoForBook>d__5::MoveNext()
FNDA:3,System.Void BookstoreApp.API.Controllers.PhotosController/<AddPhotoForBook>d__5::MoveNext()
DA:45,3
DA:46,3
DA:48,3
DA:50,3
DA:52,3
DA:53,0
DA:54,0
DA:55,0
DA:56,0
DA:57,0
DA:58,0
DA:59,0
DA:60,0
DA:61,0
DA:63,0
DA:64,0
DA:65,0
DA:67,3
DA:68,3
DA:70,3
DA:73,0
DA:75,3
DA:77,3
DA:78,1
DA:79,1
DA:80,1
DA:81,1
DA:84,2
DA:85,3
BRDA:45,14,0,3
BRDA:46,61,1,3
BRDA:52,209,1,3
BRDA:67,404,1,3
BRDA:67,416,0,3
BRDA:68,446,1,3
BRDA:72,508,0,1
BRDA:72,508,1,3
BRDA:72,545,1,3
BRDA:77,613,1,3
BRDA:77,707,0,1
BRDA:80,762,0,1
BRDA:77,707,1,2
FN:91,System.Boolean BookstoreApp.API.Controllers.PhotosController/<>c__DisplayClass6_0::<SetMainPhoto>b__0(BookstoreApp.API.Models.Photo)
FNDA:11,System.Boolean BookstoreApp.API.Controllers.PhotosController/<>c__DisplayClass6_0::<SetMainPhoto>b__0(BookstoreApp.API.Models.Photo)
DA:92,11
FN:88,System.Void BookstoreApp.API.Controllers.PhotosController/<SetMainPhoto>d__6::MoveNext()
FNDA:4,System.Void BookstoreApp.API.Controllers.PhotosController/<SetMainPhoto>d__6::MoveNext()
DA:89,4
DA:90,4
DA:93,1
DA:95,3
DA:97,3
DA:98,1
DA:100,2
DA:101,2
DA:103,2
DA:105,2
DA:106,1
DA:108,1
DA:109,4
BRDA:90,112,1,4
BRDA:92,253,0,1
BRDA:92,253,1,3
BRDA:95,313,1,3
BRDA:97,431,0,1
BRDA:97,431,1,2
BRDA:100,491,1,2
BRDA:105,650,1,2
BRDA:105,744,0,1
BRDA:105,744,1,1
FN:115,System.Boolean BookstoreApp.API.Controllers.PhotosController/<>c__DisplayClass7_0::<DetelePhoto>b__0(BookstoreApp.API.Models.Photo)
FNDA:14,System.Boolean BookstoreApp.API.Controllers.PhotosController/<>c__DisplayClass7_0::<DetelePhoto>b__0(BookstoreApp.API.Models.Photo)
DA:116,14
FN:112,System.Void BookstoreApp.API.Controllers.PhotosController/<DetelePhoto>d__7::MoveNext()
FNDA:5,System.Void BookstoreApp.API.Controllers.PhotosController/<DetelePhoto>d__7::MoveNext()
DA:113,5
DA:114,5
DA:117,1
DA:119,4
DA:121,4
DA:122,1
DA:124,3
DA:125,0
DA:126,0
DA:128,0
DA:130,0
DA:131,0
DA:132,0
DA:134,3
DA:135,3
DA:136,3
DA:137,3
DA:139,3
DA:140,1
DA:142,2
DA:143,5
BRDA:114,103,1,5
BRDA:116,244,0,1
BRDA:116,244,1,4
BRDA:119,304,1,4
BRDA:121,422,0,1
BRDA:121,422,1,3
BRDA:124,464,1,3
BRDA:134,605,0,3
BRDA:134,605,1,3
BRDA:139,662,1,3
BRDA:139,756,0,1
BRDA:139,756,1,2
LF:77
LH:58
BRF:36
BRH:36
FNF:8
FNH:8
end_of_record