SF:/home/viniciusou/Bookstore/BookstoreApp/BookstoreApp.API/Program.cs
FN:13,System.Void BookstoreApp.API.Program::Main(System.String[])
FNDA:0,System.Void BookstoreApp.API.Program::Main(System.String[])
DA:14,0
DA:15,0
DA:17,0
DA:18,0
DA:19,0
DA:22,0
DA:23,0
DA:24,0
DA:25,0
DA:26,0
DA:27,0
DA:28,0
DA:29,0
DA:30,0
DA:31,0
DA:32,0
DA:34,0
DA:35,0
FN:37,Microsoft.Extensions.Hosting.IHostBuilder BookstoreApp.API.Program::CreateHostBuilder(System.String[])
FNDA:0,Microsoft.Extensions.Hosting.IHostBuilder BookstoreApp.API.Program::CreateHostBuilder(System.String[])
DA:38,0
DA:39,0
DA:40,0
DA:41,0
DA:42,0
BRDA:38,12,0,0
BRDA:38,12,1,0
LF:23
LH:0
BRF:2
BRH:0
FNF:2
FNH:0
end_of_record
SF:/home/viniciusou/Bookstore/BookstoreApp/BookstoreApp.API/Startup.cs
FN:25,Microsoft.Extensions.Configuration.IConfiguration BookstoreApp.API.Startup::get_Configuration()
FNDA:0,Microsoft.Extensions.Configuration.IConfiguration BookstoreApp.API.Startup::get_Configuration()
DA:26,0
FN:29,System.Void BookstoreApp.API.Startup::ConfigureServices(Microsoft.Extensions.DependencyInjection.IServiceCollection)
FNDA:0,System.Void BookstoreApp.API.Startup::ConfigureServices(Microsoft.Extensions.DependencyInjection.IServiceCollection)
DA:30,0
DA:31,0
DA:32,0
DA:33,0
DA:34,0
DA:35,0
DA:36,0
DA:37,0
DA:38,0
DA:39,0
DA:40,0
DA:41,0
DA:42,0
DA:43,0
DA:44,0
DA:45,0
DA:46,0
DA:47,0
DA:48,0
DA:49,0
DA:50,0
DA:51,0
DA:52,0
DA:53,0
BRDA:33,34,0,0
BRDA:33,34,1,0
FN:56,System.Void BookstoreApp.API.Startup::Configure(Microsoft.AspNetCore.Builder.IApplicationBuilder,Microsoft.AspNetCore.Hosting.IWebHostEnvironment)
FNDA:0,System.Void BookstoreApp.API.Startup::Configure(Microsoft.AspNetCore.Builder.IApplicationBuilder,Microsoft.AspNetCore.Hosting.IWebHostEnvironment)
DA:57,0
DA:58,0
DA:59,0
DA:60,0
DA:61,0
DA:63,0
DA:64,0
DA:65,0
DA:66,0
DA:67,0
DA:68,0
DA:69,0
DA:70,0
DA:71,0
DA:72,0
DA:73,0
DA:74,0
DA:75,0
DA:76,0
DA:80,0
DA:82,0
DA:84,0
DA:86,0
DA:88,0
DA:89,0
DA:90,0
DA:91,0
DA:92,0
BRDA:58,9,0,0
BRDA:58,9,1,0
BRDA:64,30,0,0
BRDA:64,30,1,0
BRDA:82,76,0,0
BRDA:82,76,1,0
BRDA:88,128,0,0
BRDA:88,128,1,0
FN:20,System.Void BookstoreApp.API.Startup::.ctor(Microsoft.Extensions.Configuration.IConfiguration)
FNDA:0,System.Void BookstoreApp.API.Startup::.ctor(Microsoft.Extensions.Configuration.IConfiguration)
DA:21,0
DA:22,0
DA:23,0
DA:24,0
LF:57
LH:0
BRF:16
BRH:0
FNF:4
FNH:0
end_of_record
SF:/home/viniciusou/Bookstore/BookstoreApp/BookstoreApp.API/Models/Book.cs
FN:7,System.Int32 BookstoreApp.API.Models.Book::get_Id()
FNDA:14,System.Int32 BookstoreApp.API.Models.Book::get_Id()
DA:8,14
FN:8,System.String BookstoreApp.API.Models.Book::get_Title()
FNDA:28,System.String BookstoreApp.API.Models.Book::get_Title()
DA:9,28
FN:9,System.String BookstoreApp.API.Models.Book::get_Author()
FNDA:20,System.String BookstoreApp.API.Models.Book::get_Author()
DA:10,20
FN:10,System.String BookstoreApp.API.Models.Book::get_Publisher()
FNDA:20,System.String BookstoreApp.API.Models.Book::get_Publisher()
DA:11,20
FN:11,System.String BookstoreApp.API.Models.Book::get_Description()
FNDA:20,System.String BookstoreApp.API.Models.Book::get_Description()
DA:12,20
FN:12,System.DateTime BookstoreApp.API.Models.Book::get_DateAdded()
FNDA:20,System.DateTime BookstoreApp.API.Models.Book::get_DateAdded()
DA:13,20
FN:13,System.DateTime BookstoreApp.API.Models.Book::get_DateModified()
FNDA:20,System.DateTime BookstoreApp.API.Models.Book::get_DateModified()
DA:14,20
FN:14,System.Collections.Generic.ICollection`1<BookstoreApp.API.Models.Photo> BookstoreApp.API.Models.Book::get_Photos()
FNDA:40,System.Collections.Generic.ICollection`1<BookstoreApp.API.Models.Photo> BookstoreApp.API.Models.Book::get_Photos()
DA:15,40
LF:8
LH:8
BRF:0
BRH:0
FNF:8
FNH:8
end_of_record
SF:/home/viniciusou/Bookstore/BookstoreApp/BookstoreApp.API/Models/Photo.cs
FN:6,System.Int32 BookstoreApp.API.Models.Photo::get_Id()
FNDA:0,System.Int32 BookstoreApp.API.Models.Photo::get_Id()
DA:7,0
FN:7,System.String BookstoreApp.API.Models.Photo::get_Url()
FNDA:20,System.String BookstoreApp.API.Models.Photo::get_Url()
DA:8,20
FN:8,System.String BookstoreApp.API.Models.Photo::get_Description()
FNDA:20,System.String BookstoreApp.API.Models.Photo::get_Description()
DA:9,20
FN:9,System.DateTime BookstoreApp.API.Models.Photo::get_DateAdded()
FNDA:20,System.DateTime BookstoreApp.API.Models.Photo::get_DateAdded()
DA:10,20
FN:10,System.Boolean BookstoreApp.API.Models.Photo::get_IsMain()
FNDA:20,System.Boolean BookstoreApp.API.Models.Photo::get_IsMain()
DA:11,20
FN:11,BookstoreApp.API.Models.Book BookstoreApp.API.Models.Photo::get_Book()
FNDA:0,BookstoreApp.API.Models.Book BookstoreApp.API.Models.Photo::get_Book()
DA:12,0
FN:12,System.Int32 BookstoreApp.API.Models.Photo::get_BookId()
FNDA:0,System.Int32 BookstoreApp.API.Models.Photo::get_BookId()
DA:13,0
LF:7
LH:4
BRF:0
BRH:0
FNF:7
FNH:4
end_of_record
SF:/home/viniciusou/Bookstore/BookstoreApp/BookstoreApp.API/Models/User.cs
FN:6,System.Int32 BookstoreApp.API.Models.User::get_Id()
FNDA:13,System.Int32 BookstoreApp.API.Models.User::get_Id()
DA:7,13
FN:7,System.String BookstoreApp.API.Models.User::get_Username()
FNDA:24,System.String BookstoreApp.API.Models.User::get_Username()
DA:8,24
FN:8,System.Byte[] BookstoreApp.API.Models.User::get_PasswordHash()
FNDA:13,System.Byte[] BookstoreApp.API.Models.User::get_PasswordHash()
DA:9,13
FN:9,System.Byte[] BookstoreApp.API.Models.User::get_PasswordSalt()
FNDA:13,System.Byte[] BookstoreApp.API.Models.User::get_PasswordSalt()
DA:10,13
FN:10,System.DateTime BookstoreApp.API.Models.User::get_Created()
FNDA:0,System.DateTime BookstoreApp.API.Models.User::get_Created()
DA:11,0
FN:11,System.DateTime BookstoreApp.API.Models.User::get_LastActive()
FNDA:0,System.DateTime BookstoreApp.API.Models.User::get_LastActive()
DA:12,0
LF:6
LH:4
BRF:0
BRH:0
FNF:6
FNH:4
end_of_record
SF:/home/viniciusou/Bookstore/BookstoreApp/BookstoreApp.API/Migrations/20191202173104_AddedUserEntity.cs
FN:8,System.Void BookstoreApp.API.Migrations.AddedUserEntity::Up(Microsoft.EntityFrameworkCore.Migrations.MigrationBuilder)
FNDA:0,System.Void BookstoreApp.API.Migrations.AddedUserEntity::Up(Microsoft.EntityFrameworkCore.Migrations.MigrationBuilder)
DA:9,0
DA:10,0
DA:11,0
DA:12,0
DA:13,0
DA:14,0
DA:15,0
DA:16,0
DA:17,0
DA:18,0
DA:19,0
DA:20,0
DA:21,0
DA:22,0
DA:23,0
DA:24,0
BRDA:10,13,0,0
BRDA:10,13,1,0
BRDA:10,45,0,0
BRDA:10,45,1,0
FN:26,System.Void BookstoreApp.API.Migrations.AddedUserEntity::Down(Microsoft.EntityFrameworkCore.Migrations.MigrationBuilder)
FNDA:0,System.Void BookstoreApp.API.Migrations.AddedUserEntity::Down(Microsoft.EntityFrameworkCore.Migrations.MigrationBuilder)
DA:27,0
DA:28,0
DA:29,0
DA:30,0
LF:20
LH:0
BRF:4
BRH:0
FNF:2
FNH:0
end_of_record
SF:/home/viniciusou/Bookstore/BookstoreApp/BookstoreApp.API/Migrations/20191202173104_AddedUserEntity.Designer.cs
FN:15,System.Void BookstoreApp.API.Migrations.AddedUserEntity::BuildTargetModel(Microsoft.EntityFrameworkCore.ModelBuilder)
FNDA:0,System.Void BookstoreApp.API.Migrations.AddedUserEntity::BuildTargetModel(Microsoft.EntityFrameworkCore.ModelBuilder)
DA:16,0
DA:18,0
DA:19,0
DA:21,0
DA:22,0
DA:23,0
DA:24,0
DA:25,0
DA:26,0
DA:27,0
DA:28,0
DA:29,0
DA:30,0
DA:31,0
DA:32,0
DA:33,0
DA:34,0
DA:35,0
DA:36,0
DA:37,0
DA:38,0
DA:39,0
DA:41,0
BRDA:21,30,0,0
BRDA:21,30,1,0
LF:23
LH:0
BRF:2
BRH:0
FNF:1
FNH:0
end_of_record
SF:/home/viniciusou/Bookstore/BookstoreApp/BookstoreApp.API/Migrations/20191205114854_AddedBookAndPhotoEntity.cs
FN:8,System.Void BookstoreApp.API.Migrations.AddedBookAndPhotoEntity::Up(Microsoft.EntityFrameworkCore.Migrations.MigrationBuilder)
FNDA:0,System.Void BookstoreApp.API.Migrations.AddedBookAndPhotoEntity::Up(Microsoft.EntityFrameworkCore.Migrations.MigrationBuilder)
DA:9,0
DA:10,0
DA:11,0
DA:12,0
DA:13,0
DA:14,0
DA:16,0
DA:17,0
DA:18,0
DA:19,0
DA:20,0
DA:22,0
DA:23,0
DA:24,0
DA:25,0
DA:26,0
DA:27,0
DA:28,0
DA:29,0
DA:30,0
DA:31,0
DA:32,0
DA:33,0
DA:34,0
DA:35,0
DA:36,0
DA:38,0
DA:39,0
DA:40,0
DA:41,0
DA:42,0
DA:43,0
DA:44,0
DA:45,0
DA:46,0
DA:47,0
DA:48,0
DA:49,0
DA:50,0
DA:51,0
DA:52,0
DA:53,0
DA:54,0
DA:55,0
DA:56,0
DA:57,0
DA:58,0
DA:59,0
DA:61,0
DA:62,0
DA:63,0
DA:64,0
DA:65,0
BRDA:22,151,0,0
BRDA:22,151,1,0
BRDA:22,183,0,0
BRDA:22,183,1,0
BRDA:38,227,0,0
BRDA:38,227,1,0
BRDA:38,259,0,0
BRDA:38,259,1,0
FN:67,System.Void BookstoreApp.API.Migrations.AddedBookAndPhotoEntity::Down(Microsoft.EntityFrameworkCore.Migrations.MigrationBuilder)
FNDA:0,System.Void BookstoreApp.API.Migrations.AddedBookAndPhotoEntity::Down(Microsoft.EntityFrameworkCore.Migrations.MigrationBuilder)
DA:68,0
DA:69,0
DA:70,0
DA:72,0
DA:73,0
DA:75,0
DA:76,0
DA:77,0
DA:79,0
DA:80,0
DA:81,0
DA:82,0
LF:65
LH:0
BRF:8
BRH:0
FNF:2
FNH:0
end_of_record
SF:/home/viniciusou/Bookstore/BookstoreApp/BookstoreApp.API/Migrations/20191205114854_AddedBookAndPhotoEntity.Designer.cs
FN:15,System.Void BookstoreApp.API.Migrations.AddedBookAndPhotoEntity::BuildTargetModel(Microsoft.EntityFrameworkCore.ModelBuilder)
FNDA:0,System.Void BookstoreApp.API.Migrations.AddedBookAndPhotoEntity::BuildTargetModel(Microsoft.EntityFrameworkCore.ModelBuilder)
DA:16,0
DA:18,0
DA:19,0
DA:21,0
DA:22,0
DA:23,0
DA:24,0
DA:25,0
DA:26,0
DA:27,0
DA:28,0
DA:29,0
DA:30,0
DA:31,0
DA:32,0
DA:33,0
DA:34,0
DA:35,0
DA:36,0
DA:37,0
DA:38,0
DA:39,0
DA:40,0
DA:41,0
DA:42,0
DA:44,0
DA:45,0
DA:46,0
DA:47,0
DA:48,0
DA:49,0
DA:50,0
DA:51,0
DA:52,0
DA:53,0
DA:54,0
DA:55,0
DA:56,0
DA:57,0
DA:58,0
DA:59,0
DA:60,0
DA:61,0
DA:62,0
DA:63,0
DA:64,0
DA:65,0
DA:66,0
DA:67,0
DA:68,0
DA:69,0
DA:70,0
DA:72,0
DA:73,0
DA:74,0
DA:75,0
DA:76,0
DA:77,0
DA:78,0
DA:79,0
DA:80,0
DA:81,0
DA:82,0
DA:83,0
DA:84,0
DA:85,0
DA:86,0
DA:87,0
DA:88,0
DA:89,0
DA:90,0
DA:91,0
DA:92,0
DA:93,0
DA:94,0
DA:95,0
DA:96,0
DA:98,0
DA:99,0
DA:100,0
DA:101,0
DA:102,0
DA:103,0
DA:104,0
DA:105,0
DA:107,0
BRDA:21,30,0,0
BRDA:21,30,1,0
BRDA:44,73,0,0
BRDA:44,73,1,0
BRDA:72,116,0,0
BRDA:72,116,1,0
BRDA:98,159,0,0
BRDA:98,159,1,0
LF:86
LH:0
BRF:8
BRH:0
FNF:1
FNH:0
end_of_record
SF:/home/viniciusou/Bookstore/BookstoreApp/BookstoreApp.API/Migrations/20191205120802_ExtendedBookEntity.cs
FN:8,System.Void BookstoreApp.API.Migrations.ExtendedBookEntity::Up(Microsoft.EntityFrameworkCore.Migrations.MigrationBuilder)
FNDA:0,System.Void BookstoreApp.API.Migrations.ExtendedBookEntity::Up(Microsoft.EntityFrameworkCore.Migrations.MigrationBuilder)
DA:9,0
DA:10,0
DA:11,0
DA:12,0
DA:13,0
DA:14,0
DA:16,0
DA:17,0
DA:18,0
DA:19,0
DA:20,0
DA:21,0
FN:23,System.Void BookstoreApp.API.Migrations.ExtendedBookEntity::Down(Microsoft.EntityFrameworkCore.Migrations.MigrationBuilder)
FNDA:0,System.Void BookstoreApp.API.Migrations.ExtendedBookEntity::Down(Microsoft.EntityFrameworkCore.Migrations.MigrationBuilder)
DA:24,0
DA:25,0
DA:26,0
DA:27,0
DA:29,0
DA:30,0
DA:31,0
DA:32,0
LF:20
LH:0
BRF:0
BRH:0
FNF:2
FNH:0
end_of_record
SF:/home/viniciusou/Bookstore/BookstoreApp/BookstoreApp.API/Migrations/20191205120802_ExtendedBookEntity.Designer.cs
FN:15,System.Void BookstoreApp.API.Migrations.ExtendedBookEntity::BuildTargetModel(Microsoft.EntityFrameworkCore.ModelBuilder)
FNDA:0,System.Void BookstoreApp.API.Migrations.ExtendedBookEntity::BuildTargetModel(Microsoft.EntityFrameworkCore.ModelBuilder)
DA:16,0
DA:18,0
DA:19,0
DA:21,0
DA:22,0
DA:23,0
DA:24,0
DA:25,0
DA:26,0
DA:27,0
DA:28,0
DA:29,0
DA:30,0
DA:31,0
DA:32,0
DA:33,0
DA:34,0
DA:35,0
DA:36,0
DA:37,0
DA:38,0
DA:39,0
DA:40,0
DA:41,0
DA:42,0
DA:43,0
DA:44,0
DA:45,0
DA:46,0
DA:47,0
DA:48,0
DA:50,0
DA:51,0
DA:52,0
DA:53,0
DA:54,0
DA:55,0
DA:56,0
DA:57,0
DA:58,0
DA:59,0
DA:60,0
DA:61,0
DA:62,0
DA:63,0
DA:64,0
DA:65,0
DA:66,0
DA:67,0
DA:68,0
DA:69,0
DA:70,0
DA:71,0
DA:72,0
DA:73,0
DA:74,0
DA:75,0
DA:76,0
DA:78,0
DA:79,0
DA:80,0
DA:81,0
DA:82,0
DA:83,0
DA:84,0
DA:85,0
DA:86,0
DA:87,0
DA:88,0
DA:89,0
DA:90,0
DA:91,0
DA:92,0
DA:93,0
DA:94,0
DA:95,0
DA:96,0
DA:97,0
DA:98,0
DA:99,0
DA:100,0
DA:101,0
DA:102,0
DA:104,0
DA:105,0
DA:106,0
DA:107,0
DA:108,0
DA:109,0
DA:110,0
DA:111,0
DA:113,0
BRDA:21,30,0,0
BRDA:21,30,1,0
BRDA:50,73,0,0
BRDA:50,73,1,0
BRDA:78,116,0,0
BRDA:78,116,1,0
BRDA:104,159,0,0
BRDA:104,159,1,0
LF:92
LH:0
BRF:8
BRH:0
FNF:1
FNH:0
end_of_record
SF:/home/viniciusou/Bookstore/BookstoreApp/BookstoreApp.API/Migrations/DataContextModelSnapshot.cs
FN:13,System.Void BookstoreApp.API.Migrations.DataContextModelSnapshot::BuildModel(Microsoft.EntityFrameworkCore.ModelBuilder)
FNDA:0,System.Void BookstoreApp.API.Migrations.DataContextModelSnapshot::BuildModel(Microsoft.EntityFrameworkCore.ModelBuilder)
DA:14,0
DA:16,0
DA:17,0
DA:19,0
DA:20,0
DA:21,0
DA:22,0
DA:23,0
DA:24,0
DA:25,0
DA:26,0
DA:27,0
DA:28,0
DA:29,0
DA:30,0
DA:31,0
DA:32,0
DA:33,0
DA:34,0
DA:35,0
DA:36,0
DA:37,0
DA:38,0
DA:39,0
DA:40,0
DA:41,0
DA:42,0
DA:43,0
DA:44,0
DA:45,0
DA:46,0
DA:48,0
DA:49,0
DA:50,0
DA:51,0
DA:52,0
DA:53,0
DA:54,0
DA:55,0
DA:56,0
DA:57,0
DA:58,0
DA:59,0
DA:60,0
DA:61,0
DA:62,0
DA:63,0
DA:64,0
DA:65,0
DA:66,0
DA:67,0
DA:68,0
DA:69,0
DA:70,0
DA:71,0
DA:72,0
DA:73,0
DA:74,0
DA:76,0
DA:77,0
DA:78,0
DA:79,0
DA:80,0
DA:81,0
DA:82,0
DA:83,0
DA:84,0
DA:85,0
DA:86,0
DA:87,0
DA:88,0
DA:89,0
DA:90,0
DA:91,0
DA:92,0
DA:93,0
DA:94,0
DA:95,0
DA:96,0
DA:97,0
DA:98,0
DA:99,0
DA:100,0
DA:102,0
DA:103,0
DA:104,0
DA:105,0
DA:106,0
DA:107,0
DA:108,0
DA:109,0
DA:111,0
BRDA:19,30,0,0
BRDA:19,30,1,0
BRDA:48,73,0,0
BRDA:48,73,1,0
BRDA:76,116,0,0
BRDA:76,116,1,0
BRDA:102,159,0,0
BRDA:102,159,1,0
LF:92
LH:0
BRF:8
BRH:0
FNF:1
FNH:0
end_of_record
SF:/home/viniciusou/Bookstore/BookstoreApp/BookstoreApp.API/Helpers/AutoMapperProfiles.cs
FN:9,System.Void BookstoreApp.API.Helpers.AutoMapperProfiles::.ctor()
FNDA:0,System.Void BookstoreApp.API.Helpers.AutoMapperProfiles::.ctor()
DA:10,0
DA:11,0
DA:12,0
DA:13,0
DA:14,0
DA:16,0
DA:17,0
DA:18,0
DA:20,0
DA:22,0
DA:23,0
BRDA:12,77,0,0
BRDA:12,77,1,0
BRDA:16,177,0,0
BRDA:16,177,1,0
LF:11
LH:0
BRF:4
BRH:0
FNF:1
FNH:0
end_of_record
SF:/home/viniciusou/Bookstore/BookstoreApp/BookstoreApp.API/Helpers/Extensions.cs
FN:7,System.Void BookstoreApp.API.Helpers.Extensions::AddApplicationError(Microsoft.AspNetCore.Http.HttpResponse,System.String)
FNDA:0,System.Void BookstoreApp.API.Helpers.Extensions::AddApplicationError(Microsoft.AspNetCore.Http.HttpResponse,System.String)
DA:8,0
DA:9,0
DA:10,0
DA:11,0
DA:12,0
LF:5
LH:0
BRF:0
BRH:0
FNF:1
FNH:0
end_of_record
SF:/home/viniciusou/Bookstore/BookstoreApp/BookstoreApp.API/Dtos/BookForDetailedDto.cs
FN:7,System.Int32 BookstoreApp.API.Dtos.BookForDetailedDto::get_Id()
FNDA:0,System.Int32 BookstoreApp.API.Dtos.BookForDetailedDto::get_Id()
DA:8,0
FN:8,System.String BookstoreApp.API.Dtos.BookForDetailedDto::get_Title()
FNDA:0,System.String BookstoreApp.API.Dtos.BookForDetailedDto::get_Title()
DA:9,0
FN:9,System.String BookstoreApp.API.Dtos.BookForDetailedDto::get_Author()
FNDA:0,System.String BookstoreApp.API.Dtos.BookForDetailedDto::get_Author()
DA:10,0
FN:10,System.String BookstoreApp.API.Dtos.BookForDetailedDto::get_Publisher()
FNDA:0,System.String BookstoreApp.API.Dtos.BookForDetailedDto::get_Publisher()
DA:11,0
FN:11,System.String BookstoreApp.API.Dtos.BookForDetailedDto::get_Description()
FNDA:0,System.String BookstoreApp.API.Dtos.BookForDetailedDto::get_Description()
DA:12,0
FN:12,System.DateTime BookstoreApp.API.Dtos.BookForDetailedDto::get_DateAdded()
FNDA:0,System.DateTime BookstoreApp.API.Dtos.BookForDetailedDto::get_DateAdded()
DA:13,0
FN:13,System.DateTime BookstoreApp.API.Dtos.BookForDetailedDto::get_DateModified()
FNDA:0,System.DateTime BookstoreApp.API.Dtos.BookForDetailedDto::get_DateModified()
DA:14,0
FN:14,System.String BookstoreApp.API.Dtos.BookForDetailedDto::get_PhotoUrl()
FNDA:0,System.String BookstoreApp.API.Dtos.BookForDetailedDto::get_PhotoUrl()
DA:15,0
FN:15,System.Collections.Generic.ICollection`1<BookstoreApp.API.Dtos.PhotoForDetailedDto> BookstoreApp.API.Dtos.BookForDetailedDto::get_Photos()
FNDA:0,System.Collections.Generic.ICollection`1<BookstoreApp.API.Dtos.PhotoForDetailedDto> BookstoreApp.API.Dtos.BookForDetailedDto::get_Photos()
DA:16,0
LF:9
LH:0
BRF:0
BRH:0
FNF:9
FNH:0
end_of_record
SF:/home/viniciusou/Bookstore/BookstoreApp/BookstoreApp.API/Dtos/BookForListDto.cs
FN:6,System.Int32 BookstoreApp.API.Dtos.BookForListDto::get_Id()
FNDA:0,System.Int32 BookstoreApp.API.Dtos.BookForListDto::get_Id()
DA:7,0
FN:7,System.String BookstoreApp.API.Dtos.BookForListDto::get_Title()
FNDA:0,System.String BookstoreApp.API.Dtos.BookForListDto::get_Title()
DA:8,0
FN:8,System.DateTime BookstoreApp.API.Dtos.BookForListDto::get_DateAdded()
FNDA:0,System.DateTime BookstoreApp.API.Dtos.BookForListDto::get_DateAdded()
DA:9,0
FN:9,System.DateTime BookstoreApp.API.Dtos.BookForListDto::get_DateModified()
FNDA:0,System.DateTime BookstoreApp.API.Dtos.BookForListDto::get_DateModified()
DA:10,0
FN:10,System.String BookstoreApp.API.Dtos.BookForListDto::get_PhotoUrl()
FNDA:0,System.String BookstoreApp.API.Dtos.BookForListDto::get_PhotoUrl()
DA:11,0
LF:5
LH:0
BRF:0
BRH:0
FNF:5
FNH:0
end_of_record
SF:/home/viniciusou/Bookstore/BookstoreApp/BookstoreApp.API/Dtos/BookForUpdateDto.cs
FN:4,System.String BookstoreApp.API.Dtos.BookForUpdateDto::get_Publisher()
FNDA:0,System.String BookstoreApp.API.Dtos.BookForUpdateDto::get_Publisher()
DA:5,0
FN:6,System.String BookstoreApp.API.Dtos.BookForUpdateDto::get_Description()
FNDA:0,System.String BookstoreApp.API.Dtos.BookForUpdateDto::get_Description()
DA:7,0
LF:2
LH:0
BRF:0
BRH:0
FNF:2
FNH:0
end_of_record
SF:/home/viniciusou/Bookstore/BookstoreApp/BookstoreApp.API/Dtos/PhotoForDetailedDto.cs
FN:6,System.Int32 BookstoreApp.API.Dtos.PhotoForDetailedDto::get_Id()
FNDA:0,System.Int32 BookstoreApp.API.Dtos.PhotoForDetailedDto::get_Id()
DA:7,0
FN:7,System.String BookstoreApp.API.Dtos.PhotoForDetailedDto::get_Url()
FNDA:0,System.String BookstoreApp.API.Dtos.PhotoForDetailedDto::get_Url()
DA:8,0
FN:8,System.String BookstoreApp.API.Dtos.PhotoForDetailedDto::get_Description()
FNDA:0,System.String BookstoreApp.API.Dtos.PhotoForDetailedDto::get_Description()
DA:9,0
FN:9,System.DateTime BookstoreApp.API.Dtos.PhotoForDetailedDto::get_DateAdded()
FNDA:0,System.DateTime BookstoreApp.API.Dtos.PhotoForDetailedDto::get_DateAdded()
DA:10,0
FN:10,System.Boolean BookstoreApp.API.Dtos.PhotoForDetailedDto::get_IsMain()
FNDA:0,System.Boolean BookstoreApp.API.Dtos.PhotoForDetailedDto::get_IsMain()
DA:11,0
LF:5
LH:0
BRF:0
BRH:0
FNF:5
FNH:0
end_of_record
SF:/home/viniciusou/Bookstore/BookstoreApp/BookstoreApp.API/Dtos/UserForLoginDto.cs
FN:4,System.String BookstoreApp.API.Dtos.UserForLoginDto::get_Username()
FNDA:8,System.String BookstoreApp.API.Dtos.UserForLoginDto::get_Username()
DA:5,8
FN:5,System.String BookstoreApp.API.Dtos.UserForLoginDto::get_Password()
FNDA:8,System.String BookstoreApp.API.Dtos.UserForLoginDto::get_Password()
DA:6,8
LF:2
LH:2
BRF:0
BRH:0
FNF:2
FNH:2
end_of_record
SF:/home/viniciusou/Bookstore/BookstoreApp/BookstoreApp.API/Dtos/UserForRegisterDto.cs
FN:7,System.String BookstoreApp.API.Dtos.UserForRegisterDto::get_Username()
FNDA:15,System.String BookstoreApp.API.Dtos.UserForRegisterDto::get_Username()
DA:8,15
FN:11,System.String BookstoreApp.API.Dtos.UserForRegisterDto::get_Password()
FNDA:4,System.String BookstoreApp.API.Dtos.UserForRegisterDto::get_Password()
DA:12,4
LF:2
LH:2
BRF:0
BRH:0
FNF:2
FNH:2
end_of_record
SF:/home/viniciusou/Bookstore/BookstoreApp/BookstoreApp.API/Data/AuthRepository.cs
FN:53,System.Void BookstoreApp.API.Data.AuthRepository::CreatePasswordHash(System.String,System.Byte[]&,System.Byte[]&)
FNDA:3,System.Void BookstoreApp.API.Data.AuthRepository::CreatePasswordHash(System.String,System.Byte[]&,System.Byte[]&)
DA:54,3
DA:55,3
DA:56,3
DA:57,3
DA:58,3
DA:59,6
DA:60,3
FN:62,System.Boolean BookstoreApp.API.Data.AuthRepository::VerifyPasswordHash(System.String,System.Byte[],System.Byte[])
FNDA:2,System.Boolean BookstoreApp.API.Data.AuthRepository::VerifyPasswordHash(System.String,System.Byte[],System.Byte[])
DA:63,2
DA:64,2
DA:65,2
DA:66,2
DA:68,132
DA:69,65
DA:70,65
DA:71,1
DA:72,64
DA:73,2
DA:75,1
DA:76,2
BRDA:68,67,1,65
BRDA:70,45,0,1
BRDA:70,45,1,64
BRDA:68,67,0,1
FN:11,System.Void BookstoreApp.API.Data.AuthRepository::.ctor(BookstoreApp.API.Data.IDataContext)
FNDA:8,System.Void BookstoreApp.API.Data.AuthRepository::.ctor(BookstoreApp.API.Data.IDataContext)
DA:12,8
DA:13,8
DA:14,8
DA:16,8
FN:17,System.Void BookstoreApp.API.Data.AuthRepository/<Login>d__2::MoveNext()
FNDA:3,System.Void BookstoreApp.API.Data.AuthRepository/<Login>d__2::MoveNext()
DA:18,3
DA:19,3
DA:21,3
DA:22,1
DA:24,2
DA:25,1
DA:27,1
DA:28,3
BRDA:19,188,1,3
BRDA:21,303,0,1
BRDA:21,303,1,2
BRDA:24,355,0,1
BRDA:24,355,1,1
FN:30,System.Void BookstoreApp.API.Data.AuthRepository/<Register>d__3::MoveNext()
FNDA:3,System.Void BookstoreApp.API.Data.AuthRepository/<Register>d__3::MoveNext()
DA:31,3
DA:34,3
DA:36,3
DA:37,3
DA:39,3
DA:40,3
DA:42,3
DA:43,3
BRDA:31,14,0,3
BRDA:39,148,1,3
BRDA:40,256,1,3
FN:45,System.Void BookstoreApp.API.Data.AuthRepository/<UserExists>d__4::MoveNext()
FNDA:2,System.Void BookstoreApp.API.Data.AuthRepository/<UserExists>d__4::MoveNext()
DA:46,2
DA:47,2
DA:48,1
DA:50,1
DA:51,2
BRDA:47,191,1,2
BRDA:47,279,0,1
BRDA:47,279,1,1
LF:44
LH:44
BRF:15
BRH:15
FNF:6
FNH:6
end_of_record
SF:/home/viniciusou/Bookstore/BookstoreApp/BookstoreApp.API/Data/BookstoreRepository.cs
FN:15,System.Void BookstoreApp.API.Data.BookstoreRepository::Add(T)
FNDA:1,System.Void BookstoreApp.API.Data.BookstoreRepository::Add(T)
DA:16,1
DA:17,1
DA:18,1
FN:20,System.Void BookstoreApp.API.Data.BookstoreRepository::Delete(T)
FNDA:1,System.Void BookstoreApp.API.Data.BookstoreRepository::Delete(T)
DA:21,1
DA:22,1
DA:23,1
FN:10,System.Void BookstoreApp.API.Data.BookstoreRepository::.ctor(BookstoreApp.API.Data.IDataContext)
FNDA:6,System.Void BookstoreApp.API.Data.BookstoreRepository::.ctor(BookstoreApp.API.Data.IDataContext)
DA:11,6
DA:12,6
DA:13,6
DA:14,6
FN:25,System.Void BookstoreApp.API.Data.BookstoreRepository/<GetBook>d__4::MoveNext()
FNDA:1,System.Void BookstoreApp.API.Data.BookstoreRepository/<GetBook>d__4::MoveNext()
DA:26,1
DA:27,1
DA:29,1
DA:30,1
BRDA:27,250,1,1
FN:32,System.Void BookstoreApp.API.Data.BookstoreRepository/<GetBooks>d__5::MoveNext()
FNDA:1,System.Void BookstoreApp.API.Data.BookstoreRepository/<GetBooks>d__5::MoveNext()
DA:33,1
DA:34,1
DA:36,1
DA:37,1
BRDA:34,124,1,1
FN:39,System.Void BookstoreApp.API.Data.BookstoreRepository/<SaveAll>d__6::MoveNext()
FNDA:2,System.Void BookstoreApp.API.Data.BookstoreRepository/<SaveAll>d__6::MoveNext()
DA:40,2
DA:41,2
DA:42,2
BRDA:41,44,1,2
LF:21
LH:21
BRF:3
BRH:3
FNF:6
FNH:6
end_of_record
SF:/home/viniciusou/Bookstore/BookstoreApp/BookstoreApp.API/Data/DataContext.cs
FN:23,Microsoft.EntityFrameworkCore.DbSet`1<BookstoreApp.API.Models.User> BookstoreApp.API.Data.DataContext::get_Users()
FNDA:0,Microsoft.EntityFrameworkCore.DbSet`1<BookstoreApp.API.Models.User> BookstoreApp.API.Data.DataContext::get_Users()
DA:24,0
FN:25,Microsoft.EntityFrameworkCore.DbSet`1<BookstoreApp.API.Models.Book> BookstoreApp.API.Data.DataContext::get_Books()
FNDA:0,Microsoft.EntityFrameworkCore.DbSet`1<BookstoreApp.API.Models.Book> BookstoreApp.API.Data.DataContext::get_Books()
DA:26,0
FN:27,Microsoft.EntityFrameworkCore.DbSet`1<BookstoreApp.API.Models.Photo> BookstoreApp.API.Data.DataContext::get_Photos()
FNDA:0,Microsoft.EntityFrameworkCore.DbSet`1<BookstoreApp.API.Models.Photo> BookstoreApp.API.Data.DataContext::get_Photos()
DA:28,0
FN:30,System.Void BookstoreApp.API.Data.DataContext::Add(T)
FNDA:0,System.Void BookstoreApp.API.Data.DataContext::Add(T)
DA:31,0
DA:32,0
DA:33,0
FN:35,System.Void BookstoreApp.API.Data.DataContext::Remove(T)
FNDA:0,System.Void BookstoreApp.API.Data.DataContext::Remove(T)
DA:36,0
DA:37,0
DA:38,0
FN:40,System.Void BookstoreApp.API.Data.DataContext::SaveChanges()
FNDA:0,System.Void BookstoreApp.API.Data.DataContext::SaveChanges()
DA:41,0
DA:42,0
DA:43,0
FN:45,System.Threading.Tasks.Task`1<System.Int32> BookstoreApp.API.Data.DataContext::SaveChangesAsync()
FNDA:0,System.Threading.Tasks.Task`1<System.Int32> BookstoreApp.API.Data.DataContext::SaveChangesAsync()
DA:46,0
DA:47,0
DA:48,0
FN:21,System.Void BookstoreApp.API.Data.DataContext::.ctor(Microsoft.EntityFrameworkCore.DbContextOptions`1<BookstoreApp.API.Data.DataContext>)
FNDA:0,System.Void BookstoreApp.API.Data.DataContext::.ctor(Microsoft.EntityFrameworkCore.DbContextOptions`1<BookstoreApp.API.Data.DataContext>)
DA:22,0
LF:16
LH:0
BRF:0
BRH:0
FNF:8
FNH:0
end_of_record
SF:/home/viniciusou/Bookstore/BookstoreApp/BookstoreApp.API/Data/Seed.cs
FN:11,System.Void BookstoreApp.API.Data.Seed::SeedBooks(BookstoreApp.API.Data.IDataContext)
FNDA:3,System.Void BookstoreApp.API.Data.Seed::SeedBooks(BookstoreApp.API.Data.IDataContext)
DA:12,3
DA:13,3
DA:14,2
DA:15,2
DA:16,2
DA:18,46
DA:19,20
DA:20,20
DA:21,20
DA:23,2
DA:24,2
DA:25,3
BRDA:13,17,0,2
BRDA:18,80,1,20
BRDA:18,80,0,2
BRDA:13,17,1,3
LF:12
LH:12
BRF:4
BRH:4
FNF:1
FNH:1
end_of_record
SF:/home/viniciusou/Bookstore/BookstoreApp/BookstoreApp.API/Controllers/AuthController.cs
FN:21,System.Void BookstoreApp.API.Controllers.AuthController::.ctor(BookstoreApp.API.Data.IAuthRepository,Microsoft.Extensions.Configuration.IConfiguration)
FNDA:6,System.Void BookstoreApp.API.Controllers.AuthController::.ctor(BookstoreApp.API.Data.IAuthRepository,Microsoft.Extensions.Configuration.IConfiguration)
DA:22,6
DA:23,6
DA:24,6
DA:25,6
DA:26,6
FN:29,System.Void BookstoreApp.API.Controllers.AuthController/<Register>d__3::MoveNext()
FNDA:3,System.Void BookstoreApp.API.Controllers.AuthController/<Register>d__3::MoveNext()
DA:30,3
DA:31,3
DA:33,3
DA:34,1
DA:36,2
DA:37,2
DA:38,2
DA:39,2
DA:41,2
DA:43,2
DA:44,3
BRDA:30,14,0,3
BRDA:33,94,1,3
BRDA:33,185,0,1
BRDA:33,185,1,2
BRDA:41,285,1,2
FN:47,System.Void BookstoreApp.API.Controllers.AuthController/<Login>d__4::MoveNext()
FNDA:3,System.Void BookstoreApp.API.Controllers.AuthController/<Login>d__4::MoveNext()
DA:48,3
DA:49,3
DA:51,3
DA:52,2
DA:54,1
DA:55,1
DA:56,1
DA:57,1
DA:58,1
DA:60,1
DA:61,1
DA:63,1
DA:65,1
DA:66,1
DA:67,1
DA:68,1
DA:69,1
DA:70,1
DA:72,1
DA:74,1
DA:76,1
DA:77,1
DA:78,1
DA:79,3
BRDA:49,71,1,3
BRDA:51,185,0,2
BRDA:51,185,1,1
LF:40
LH:40
BRF:8
BRH:8
FNF:3
FNH:3
end_of_record
SF:/home/viniciusou/Bookstore/BookstoreApp/BookstoreApp.API/Controllers/BooksController.cs
FN:18,System.Void BookstoreApp.API.Controllers.BooksController::.ctor(BookstoreApp.API.Data.IBookstoreRepository,AutoMapper.IMapper)
FNDA:7,System.Void BookstoreApp.API.Controllers.BooksController::.ctor(BookstoreApp.API.Data.IBookstoreRepository,AutoMapper.IMapper)
DA:19,7
DA:20,7
DA:21,7
DA:22,7
DA:23,7
FN:26,System.Void BookstoreApp.API.Controllers.BooksController/<GetBooks>d__3::MoveNext()
FNDA:2,System.Void BookstoreApp.API.Controllers.BooksController/<GetBooks>d__3::MoveNext()
DA:27,2
DA:28,2
DA:30,2
DA:32,2
DA:33,2
BRDA:28,44,1,2
FN:36,System.Void BookstoreApp.API.Controllers.BooksController/<GetBook>d__4::MoveNext()
FNDA:2,System.Void BookstoreApp.API.Controllers.BooksController/<GetBook>d__4::MoveNext()
DA:37,2
DA:38,2
DA:40,2
DA:42,2
DA:43,2
BRDA:38,50,1,2
FN:46,System.Void BookstoreApp.API.Controllers.BooksController/<UpdateBook>d__5::MoveNext()
FNDA:3,System.Void BookstoreApp.API.Controllers.BooksController/<UpdateBook>d__5::MoveNext()
DA:47,3
DA:48,3
DA:50,3
DA:52,3
DA:53,2
DA:55,1
DA:56,2
BRDA:47,14,0,3
BRDA:48,61,1,3
BRDA:52,221,1,3
BRDA:52,315,0,2
BRDA:52,315,1,1
LF:22
LH:22
BRF:7
BRH:7
FNF:4
FNH:4
end_of_record